{"/home/travis/build/npmtest/node-npmtest-local-npm/test.js":{"path":"/home/travis/build/npmtest/node-npmtest-local-npm/test.js","s":{"1":2,"2":2,"3":2,"4":2,"5":2,"6":2,"7":2,"8":1,"9":2,"10":2,"11":1,"12":1,"13":1,"14":1,"15":2,"16":2,"17":2,"18":2,"19":1,"20":1,"21":2,"22":2,"23":2,"24":1,"25":1,"26":1,"27":1,"28":1,"29":1,"30":1,"31":1,"32":1,"33":1,"34":1,"35":1,"36":1,"37":1,"38":1,"39":2,"40":2,"41":1,"42":2,"43":2,"44":1,"45":2,"46":2,"47":1,"48":2,"49":2,"50":1,"51":1,"52":1,"53":1,"54":1},"b":{"1":[2,1,1,1],"2":[1,1,1,1],"3":[1,1],"4":[1,1],"5":[1,1],"6":[1,1],"7":[1,1],"8":[1,1],"9":[1,1],"10":[1,1,1],"11":[1,1],"12":[1,1],"13":[1,1],"14":[1,1],"15":[1,1],"16":[1,1],"17":[1,1]},"f":{"1":2,"2":2,"3":2,"4":2,"5":2,"6":1,"7":1,"8":1,"9":2,"10":2,"11":2,"12":2,"13":1},"fnMap":{"1":{"name":"(anonymous_1)","line":12,"loc":{"start":{"line":12,"column":1},"end":{"line":12,"column":13}}},"2":{"name":"(anonymous_2)","line":19,"loc":{"start":{"line":19,"column":5},"end":{"line":19,"column":17}}},"3":{"name":"(anonymous_3)","line":23,"loc":{"start":{"line":23,"column":24},"end":{"line":23,"column":36}}},"4":{"name":"(anonymous_4)","line":61,"loc":{"start":{"line":61,"column":5},"end":{"line":61,"column":17}}},"5":{"name":"(anonymous_5)","line":82,"loc":{"start":{"line":82,"column":5},"end":{"line":82,"column":17}}},"6":{"name":"(anonymous_6)","line":91,"loc":{"start":{"line":91,"column":77},"end":{"line":94,"column":10}}},"7":{"name":"(anonymous_7)","line":112,"loc":{"start":{"line":112,"column":83},"end":{"line":115,"column":10}},"skip":true},"8":{"name":"(anonymous_8)","line":123,"loc":{"start":{"line":123,"column":77},"end":{"line":126,"column":10}},"skip":true},"9":{"name":"(anonymous_9)","line":139,"loc":{"start":{"line":139,"column":12},"end":{"line":139,"column":40}},"skip":true},"10":{"name":"(anonymous_10)","line":147,"loc":{"start":{"line":147,"column":77},"end":{"line":150,"column":10}},"skip":true},"11":{"name":"(anonymous_11)","line":158,"loc":{"start":{"line":158,"column":83},"end":{"line":161,"column":10}},"skip":true},"12":{"name":"(anonymous_12)","line":169,"loc":{"start":{"line":169,"column":79},"end":{"line":172,"column":10}},"skip":true},"13":{"name":"(anonymous_13)","line":180,"loc":{"start":{"line":180,"column":75},"end":{"line":183,"column":10}},"skip":true}},"statementMap":{"1":{"start":{"line":12,"column":0},"end":{"line":195,"column":5}},"2":{"start":{"line":14,"column":4},"end":{"line":14,"column":14}},"3":{"start":{"line":19,"column":4},"end":{"line":56,"column":9}},"4":{"start":{"line":21,"column":8},"end":{"line":21,"column":19}},"5":{"start":{"line":23,"column":8},"end":{"line":35,"column":13}},"6":{"start":{"line":24,"column":12},"end":{"line":34,"column":13}},"7":{"start":{"line":25,"column":16},"end":{"line":28,"column":30}},"8":{"start":{"line":30,"column":16},"end":{"line":33,"column":27}},"9":{"start":{"line":37,"column":8},"end":{"line":39,"column":21}},"10":{"start":{"line":40,"column":8},"end":{"line":53,"column":9}},"11":{"start":{"line":43,"column":12},"end":{"line":46,"column":14}},"12":{"start":{"line":47,"column":12},"end":{"line":47,"column":18}},"13":{"start":{"line":50,"column":12},"end":{"line":51,"column":46}},"14":{"start":{"line":52,"column":12},"end":{"line":52,"column":18}},"15":{"start":{"line":55,"column":8},"end":{"line":55,"column":35}},"16":{"start":{"line":61,"column":4},"end":{"line":63,"column":9}},"17":{"start":{"line":62,"column":8},"end":{"line":62,"column":15}},"18":{"start":{"line":64,"column":4},"end":{"line":77,"column":5}},"19":{"start":{"line":70,"column":8},"end":{"line":70,"column":14}},"20":{"start":{"line":76,"column":8},"end":{"line":76,"column":14}},"21":{"start":{"line":82,"column":4},"end":{"line":84,"column":9}},"22":{"start":{"line":83,"column":8},"end":{"line":83,"column":15}},"23":{"start":{"line":85,"column":4},"end":{"line":194,"column":5}},"24":{"start":{"line":91,"column":8},"end":{"line":99,"column":10}},"25":{"start":{"line":98,"column":12},"end":{"line":98,"column":35}},"26":{"start":{"line":102,"column":8},"end":{"line":104,"column":63}},"27":{"start":{"line":105,"column":8},"end":{"line":105,"column":14}},"28":{"start":{"line":112,"column":8},"end":{"line":121,"column":10},"skip":true},"29":{"start":{"line":119,"column":12},"end":{"line":119,"column":55},"skip":true},"30":{"start":{"line":120,"column":12},"end":{"line":120,"column":48},"skip":true},"31":{"start":{"line":123,"column":8},"end":{"line":136,"column":10},"skip":true},"32":{"start":{"line":130,"column":12},"end":{"line":130,"column":76},"skip":true},"33":{"start":{"line":131,"column":12},"end":{"line":131,"column":73},"skip":true},"34":{"start":{"line":132,"column":12},"end":{"line":132,"column":74},"skip":true},"35":{"start":{"line":133,"column":12},"end":{"line":133,"column":79},"skip":true},"36":{"start":{"line":134,"column":12},"end":{"line":134,"column":25},"skip":true},"37":{"start":{"line":135,"column":12},"end":{"line":135,"column":45},"skip":true},"38":{"start":{"line":138,"column":8},"end":{"line":145,"column":14},"skip":true},"39":{"start":{"line":143,"column":16},"end":{"line":143,"column":29},"skip":true},"40":{"start":{"line":144,"column":16},"end":{"line":144,"column":55},"skip":true},"41":{"start":{"line":147,"column":8},"end":{"line":156,"column":10},"skip":true},"42":{"start":{"line":154,"column":12},"end":{"line":154,"column":25},"skip":true},"43":{"start":{"line":155,"column":12},"end":{"line":155,"column":45},"skip":true},"44":{"start":{"line":158,"column":8},"end":{"line":167,"column":10},"skip":true},"45":{"start":{"line":165,"column":12},"end":{"line":165,"column":25},"skip":true},"46":{"start":{"line":166,"column":12},"end":{"line":166,"column":48},"skip":true},"47":{"start":{"line":169,"column":8},"end":{"line":178,"column":10},"skip":true},"48":{"start":{"line":176,"column":12},"end":{"line":176,"column":25},"skip":true},"49":{"start":{"line":177,"column":12},"end":{"line":177,"column":46},"skip":true},"50":{"start":{"line":180,"column":8},"end":{"line":189,"column":10},"skip":true},"51":{"start":{"line":187,"column":12},"end":{"line":187,"column":94},"skip":true},"52":{"start":{"line":188,"column":12},"end":{"line":188,"column":48},"skip":true},"53":{"start":{"line":192,"column":8},"end":{"line":192,"column":35},"skip":true},"54":{"start":{"line":193,"column":8},"end":{"line":193,"column":14},"skip":true}},"branchMap":{"1":{"line":25,"type":"binary-expr","locations":[{"start":{"line":25,"column":23},"end":{"line":25,"column":62}},{"start":{"line":26,"column":20},"end":{"line":26,"column":70}},{"start":{"line":27,"column":20},"end":{"line":27,"column":71}},{"start":{"line":28,"column":20},"end":{"line":28,"column":29}}]},"2":{"line":30,"type":"binary-expr","locations":[{"start":{"line":30,"column":23},"end":{"line":30,"column":37}},{"start":{"line":31,"column":20},"end":{"line":31,"column":61}},{"start":{"line":32,"column":20},"end":{"line":32,"column":70}},{"start":{"line":33,"column":20},"end":{"line":33,"column":26}}]},"3":{"line":37,"type":"cond-expr","locations":[{"start":{"line":38,"column":14},"end":{"line":38,"column":20}},{"start":{"line":39,"column":14},"end":{"line":39,"column":20}}]},"4":{"line":40,"type":"switch","locations":[{"start":{"line":42,"column":8},"end":{"line":47,"column":18}},{"start":{"line":49,"column":8},"end":{"line":52,"column":18}}]},"5":{"line":44,"type":"binary-expr","locations":[{"start":{"line":44,"column":16},"end":{"line":44,"column":44}},{"start":{"line":44,"column":48},"end":{"line":44,"column":66}}]},"6":{"line":50,"type":"binary-expr","locations":[{"start":{"line":50,"column":21},"end":{"line":50,"column":49}},{"start":{"line":50,"column":53},"end":{"line":50,"column":72}}]},"7":{"line":64,"type":"switch","locations":[{"start":{"line":69,"column":4},"end":{"line":70,"column":14}},{"start":{"line":75,"column":4},"end":{"line":76,"column":14}}]},"8":{"line":85,"type":"switch","locations":[{"start":{"line":90,"column":4},"end":{"line":105,"column":14}},{"start":{"line":111,"column":4},"end":{"line":193,"column":14},"skip":true}]},"9":{"line":91,"type":"binary-expr","locations":[{"start":{"line":91,"column":42},"end":{"line":91,"column":73}},{"start":{"line":91,"column":77},"end":{"line":99,"column":9}}]},"10":{"line":102,"type":"binary-expr","locations":[{"start":{"line":102,"column":18},"end":{"line":102,"column":32}},{"start":{"line":103,"column":12},"end":{"line":103,"column":53}},{"start":{"line":104,"column":12},"end":{"line":104,"column":61}}]},"11":{"line":112,"type":"binary-expr","locations":[{"start":{"line":112,"column":45},"end":{"line":112,"column":79},"skip":true},{"start":{"line":112,"column":83},"end":{"line":121,"column":9},"skip":true}]},"12":{"line":123,"type":"binary-expr","locations":[{"start":{"line":123,"column":42},"end":{"line":123,"column":73},"skip":true},{"start":{"line":123,"column":77},"end":{"line":136,"column":9},"skip":true}]},"13":{"line":138,"type":"binary-expr","locations":[{"start":{"line":138,"column":48},"end":{"line":138,"column":85},"skip":true},{"start":{"line":139,"column":12},"end":{"line":145,"column":13},"skip":true}]},"14":{"line":147,"type":"binary-expr","locations":[{"start":{"line":147,"column":42},"end":{"line":147,"column":73},"skip":true},{"start":{"line":147,"column":77},"end":{"line":156,"column":9},"skip":true}]},"15":{"line":158,"type":"binary-expr","locations":[{"start":{"line":158,"column":45},"end":{"line":158,"column":79},"skip":true},{"start":{"line":158,"column":83},"end":{"line":167,"column":9},"skip":true}]},"16":{"line":169,"type":"binary-expr","locations":[{"start":{"line":169,"column":43},"end":{"line":169,"column":75},"skip":true},{"start":{"line":169,"column":79},"end":{"line":178,"column":9},"skip":true}]},"17":{"line":180,"type":"binary-expr","locations":[{"start":{"line":180,"column":41},"end":{"line":180,"column":71},"skip":true},{"start":{"line":180,"column":75},"end":{"line":189,"column":9},"skip":true}]}},"code":["/* istanbul instrument in package npmtest_local_npm */","/*jslint","    bitwise: true,","    browser: true,","    maxerr: 8,","    maxlen: 96,","    node: true,","    nomen: true,","    regexp: true,","    stupid: true","*/","(function () {","    'use strict';","    var local;","","","","    // run shared js-env code - pre-init","    (function () {","        // init local","        local = {};","        // init modeJs","        local.modeJs = (function () {","            try {","                return typeof navigator.userAgent === 'string' &&","                    typeof document.querySelector('body') === 'object' &&","                    typeof XMLHttpRequest.prototype.open === 'function' &&","                    'browser';","            } catch (errorCaughtBrowser) {","                return module.exports &&","                    typeof process.versions.node === 'string' &&","                    typeof require('http').createServer === 'function' &&","                    'node';","            }","        }());","        // init global","        local.global = local.modeJs === 'browser'","            ? window","            : global;","        switch (local.modeJs) {","        // re-init local from window.local","        case 'browser':","            local = local.global.utility2.objectSetDefault(","                local.global.utility2_rollup || local.global.local,","                local.global.utility2","            );","            break;","        // re-init local from example.js","        case 'node':","            local = (local.global.utility2_rollup || require('utility2'))","                .requireExampleJsFromReadme();","            break;","        }","        // export local","        local.global.local = local;","    }());","","","","    // run shared js-env code - function","    (function () {","        return;","    }());","    switch (local.modeJs) {","","","","    // run browser js-env code - function","    case 'browser':","        break;","","","","    // run node js-env code - function","    case 'node':","        break;","    }","","","","    // run shared js-env code - post-init","    (function () {","        return;","    }());","    switch (local.modeJs) {","","","","    // run browser js-env code - post-init","    case 'browser':","        local.testCase_browser_nullCase = local.testCase_browser_nullCase || function (","            options,","            onError","        ) {","        /*","         * this function will test browsers's null-case handling-behavior-behavior","         */","            onError(null, options);","        };","","        // run tests","        local.nop(local.modeTest &&","            document.querySelector('#testRunButton1') &&","            document.querySelector('#testRunButton1').click());","        break;","","","","    // run node js-env code - post-init","    /* istanbul ignore next */","    case 'node':","        local.testCase_buildApidoc_default = local.testCase_buildApidoc_default || function (","            options,","            onError","        ) {","        /*","         * this function will test buildApidoc's default handling-behavior-behavior","         */","            options = { modulePathList: module.paths };","            local.buildApidoc(options, onError);","        };","","        local.testCase_buildApp_default = local.testCase_buildApp_default || function (","            options,","            onError","        ) {","        /*","         * this function will test buildApp's default handling-behavior-behavior","         */","            local.testCase_buildReadme_default(options, local.onErrorThrow);","            local.testCase_buildLib_default(options, local.onErrorThrow);","            local.testCase_buildTest_default(options, local.onErrorThrow);","            local.testCase_buildCustomOrg_default(options, local.onErrorThrow);","            options = [];","            local.buildApp(options, onError);","        };","","        local.testCase_buildCustomOrg_default = local.testCase_buildCustomOrg_default ||","            function (options, onError) {","            /*","             * this function will test buildCustomOrg's default handling-behavior","             */","                options = {};","                local.buildCustomOrg(options, onError);","            };","","        local.testCase_buildLib_default = local.testCase_buildLib_default || function (","            options,","            onError","        ) {","        /*","         * this function will test buildLib's default handling-behavior","         */","            options = {};","            local.buildLib(options, onError);","        };","","        local.testCase_buildReadme_default = local.testCase_buildReadme_default || function (","            options,","            onError","        ) {","        /*","         * this function will test buildReadme's default handling-behavior-behavior","         */","            options = {};","            local.buildReadme(options, onError);","        };","","        local.testCase_buildTest_default = local.testCase_buildTest_default || function (","            options,","            onError","        ) {","        /*","         * this function will test buildTest's default handling-behavior","         */","            options = {};","            local.buildTest(options, onError);","        };","","        local.testCase_webpage_default = local.testCase_webpage_default || function (","            options,","            onError","        ) {","        /*","         * this function will test webpage's default handling-behavior","         */","            options = { modeCoverageMerge: true, url: local.serverLocalHost + '?modeTest=1' };","            local.browserTest(options, onError);","        };","","        // run test-server","        local.testRunServer(local);","        break;","    }","}());",""],"l":{"12":2,"14":2,"19":2,"21":2,"23":2,"24":2,"25":2,"30":1,"37":2,"40":2,"43":1,"47":1,"50":1,"52":1,"55":2,"61":2,"62":2,"64":2,"70":1,"76":1,"82":2,"83":2,"85":2,"91":1,"98":1,"102":1,"105":1,"112":1,"119":1,"120":1,"123":1,"130":1,"131":1,"132":1,"133":1,"134":1,"135":1,"138":1,"143":2,"144":2,"147":1,"154":2,"155":2,"158":1,"165":2,"166":2,"169":1,"176":2,"177":2,"180":1,"187":1,"188":1,"192":1,"193":1}},"/home/travis/build/npmtest/node-npmtest-local-npm/lib.npmtest_local_npm.js":{"path":"/home/travis/build/npmtest/node-npmtest-local-npm/lib.npmtest_local_npm.js","s":{"1":2,"2":2,"3":2,"4":2,"5":2,"6":2,"7":2,"8":1,"9":2,"10":2,"11":2,"12":2,"13":1,"14":1,"15":1,"16":1},"b":{"1":[2,1,1,1],"2":[1,1,1,1],"3":[1,1],"4":[2,2],"5":[1,1]},"f":{"1":2,"2":2,"3":2},"fnMap":{"1":{"name":"(anonymous_1)","line":12,"loc":{"start":{"line":12,"column":1},"end":{"line":12,"column":13}}},"2":{"name":"(anonymous_2)","line":19,"loc":{"start":{"line":19,"column":5},"end":{"line":19,"column":17}}},"3":{"name":"(anonymous_3)","line":23,"loc":{"start":{"line":23,"column":24},"end":{"line":23,"column":36}}}},"statementMap":{"1":{"start":{"line":12,"column":0},"end":{"line":53,"column":5}},"2":{"start":{"line":14,"column":4},"end":{"line":14,"column":14}},"3":{"start":{"line":19,"column":4},"end":{"line":52,"column":9}},"4":{"start":{"line":21,"column":8},"end":{"line":21,"column":19}},"5":{"start":{"line":23,"column":8},"end":{"line":35,"column":13}},"6":{"start":{"line":24,"column":12},"end":{"line":34,"column":13}},"7":{"start":{"line":25,"column":16},"end":{"line":28,"column":30}},"8":{"start":{"line":30,"column":16},"end":{"line":33,"column":27}},"9":{"start":{"line":37,"column":8},"end":{"line":39,"column":21}},"10":{"start":{"line":41,"column":8},"end":{"line":41,"column":54}},"11":{"start":{"line":43,"column":8},"end":{"line":43,"column":54}},"12":{"start":{"line":45,"column":8},"end":{"line":51,"column":9}},"13":{"start":{"line":46,"column":12},"end":{"line":46,"column":60}},"14":{"start":{"line":48,"column":12},"end":{"line":48,"column":35}},"15":{"start":{"line":49,"column":12},"end":{"line":49,"column":49}},"16":{"start":{"line":50,"column":12},"end":{"line":50,"column":43}}},"branchMap":{"1":{"line":25,"type":"binary-expr","locations":[{"start":{"line":25,"column":23},"end":{"line":25,"column":62}},{"start":{"line":26,"column":20},"end":{"line":26,"column":70}},{"start":{"line":27,"column":20},"end":{"line":27,"column":71}},{"start":{"line":28,"column":20},"end":{"line":28,"column":29}}]},"2":{"line":30,"type":"binary-expr","locations":[{"start":{"line":30,"column":23},"end":{"line":30,"column":37}},{"start":{"line":31,"column":20},"end":{"line":31,"column":61}},{"start":{"line":32,"column":20},"end":{"line":32,"column":70}},{"start":{"line":33,"column":20},"end":{"line":33,"column":26}}]},"3":{"line":37,"type":"cond-expr","locations":[{"start":{"line":38,"column":14},"end":{"line":38,"column":20}},{"start":{"line":39,"column":14},"end":{"line":39,"column":20}}]},"4":{"line":41,"type":"binary-expr","locations":[{"start":{"line":41,"column":16},"end":{"line":41,"column":44}},{"start":{"line":41,"column":48},"end":{"line":41,"column":53}}]},"5":{"line":45,"type":"if","locations":[{"start":{"line":45,"column":8},"end":{"line":45,"column":8}},{"start":{"line":45,"column":8},"end":{"line":45,"column":8}}]}},"code":["/* istanbul instrument in package npmtest_local_npm */","/*jslint","    bitwise: true,","    browser: true,","    maxerr: 8,","    maxlen: 96,","    node: true,","    nomen: true,","    regexp: true,","    stupid: true","*/","(function () {","    'use strict';","    var local;","","","","    // run shared js-env code - pre-init","    (function () {","        // init local","        local = {};","        // init modeJs","        local.modeJs = (function () {","            try {","                return typeof navigator.userAgent === 'string' &&","                    typeof document.querySelector('body') === 'object' &&","                    typeof XMLHttpRequest.prototype.open === 'function' &&","                    'browser';","            } catch (errorCaughtBrowser) {","                return module.exports &&","                    typeof process.versions.node === 'string' &&","                    typeof require('http').createServer === 'function' &&","                    'node';","            }","        }());","        // init global","        local.global = local.modeJs === 'browser'","            ? window","            : global;","        // init utility2_rollup","        local = local.global.utility2_rollup || local;","        // init lib","        local.local = local.npmtest_local_npm = local;","        // init exports","        if (local.modeJs === 'browser') {","            local.global.utility2_npmtest_local_npm = local;","        } else {","            module.exports = local;","            module.exports.__dirname = __dirname;","            module.exports.module = module;","        }","    }());","}());",""],"l":{"12":2,"14":2,"19":2,"21":2,"23":2,"24":2,"25":2,"30":1,"37":2,"41":2,"43":2,"45":2,"46":1,"48":1,"49":1,"50":1}},"/home/travis/build/npmtest/node-npmtest-local-npm/example.js":{"path":"/home/travis/build/npmtest/node-npmtest-local-npm/example.js","s":{"1":2,"2":2,"3":2,"4":2,"5":2,"6":2,"7":2,"8":1,"9":2,"10":2,"11":2,"12":2,"13":1,"14":2,"15":2,"16":2,"17":2,"18":2,"19":0,"20":2,"21":1,"22":1,"23":1,"24":1,"25":1,"26":0,"27":0,"28":1,"29":1,"30":2,"31":0,"32":0,"33":0,"34":1,"35":2,"36":2,"37":3,"38":3,"39":3,"40":3,"41":0,"42":3,"43":3,"44":3,"45":1,"46":3,"47":1,"48":1,"49":1,"50":1,"51":1,"52":1,"53":1,"54":1,"55":1,"56":1,"57":0,"58":1,"59":6,"60":6,"61":1,"62":2,"63":0,"64":2,"65":1,"66":1,"67":0,"68":0,"69":0,"70":0,"71":0,"72":0,"73":0,"74":0,"75":0,"76":0,"77":0,"78":0,"79":0,"80":0,"81":0,"82":0,"83":0},"b":{"1":[2,1,1,1],"2":[1,1,1,1],"3":[1,1],"4":[2,2],"5":[1,1],"6":[1,1],"7":[2,0],"8":[2,1,1,1,1,1],"9":[0,2,0],"10":[1,1],"11":[2,1,1],"12":[1,0],"13":[0,2],"14":[2,0,0,0,0,0,0],"15":[0,3],"16":[3,0],"17":[1,1],"18":[0,1],"19":[1,2,0,2],"20":[1,0],"21":[1,1],"22":[0,0],"23":[0,0],"24":[0,0],"25":[0,0],"26":[0,0],"27":[0,0],"28":[0,0]},"f":{"1":2,"2":2,"3":2,"4":2,"5":2,"6":2,"7":3,"8":3,"9":3,"10":1,"11":6,"12":0},"fnMap":{"1":{"name":"(anonymous_1)","line":26,"loc":{"start":{"line":26,"column":1},"end":{"line":26,"column":13}}},"2":{"name":"(anonymous_2)","line":33,"loc":{"start":{"line":33,"column":5},"end":{"line":33,"column":17}}},"3":{"name":"(anonymous_3)","line":37,"loc":{"start":{"line":37,"column":24},"end":{"line":37,"column":36}}},"4":{"name":"(anonymous_4)","line":69,"loc":{"start":{"line":69,"column":31},"end":{"line":69,"column":48}},"skip":true},"5":{"name":"(anonymous_5)","line":78,"loc":{"start":{"line":78,"column":26},"end":{"line":78,"column":45}},"skip":true},"6":{"name":"(anonymous_6)","line":123,"loc":{"start":{"line":123,"column":33},"end":{"line":123,"column":48}},"skip":true},"7":{"name":"(anonymous_7)","line":125,"loc":{"start":{"line":125,"column":27},"end":{"line":125,"column":39}},"skip":true},"8":{"name":"(anonymous_8)","line":133,"loc":{"start":{"line":133,"column":59},"end":{"line":133,"column":74}},"skip":true},"9":{"name":"(anonymous_9)","line":143,"loc":{"start":{"line":143,"column":45},"end":{"line":143,"column":62}},"skip":true},"10":{"name":"(anonymous_10)","line":144,"loc":{"start":{"line":144,"column":73},"end":{"line":144,"column":92}},"skip":true},"11":{"name":"(anonymous_11)","line":272,"loc":{"start":{"line":272,"column":51},"end":{"line":272,"column":77}},"skip":true},"12":{"name":"(anonymous_12)","line":315,"loc":{"start":{"line":315,"column":32},"end":{"line":315,"column":61}},"skip":true}},"statementMap":{"1":{"start":{"line":26,"column":0},"end":{"line":326,"column":5}},"2":{"start":{"line":28,"column":4},"end":{"line":28,"column":14}},"3":{"start":{"line":33,"column":4},"end":{"line":60,"column":9}},"4":{"start":{"line":35,"column":8},"end":{"line":35,"column":19}},"5":{"start":{"line":37,"column":8},"end":{"line":49,"column":13}},"6":{"start":{"line":38,"column":12},"end":{"line":48,"column":13}},"7":{"start":{"line":39,"column":16},"end":{"line":42,"column":30}},"8":{"start":{"line":44,"column":16},"end":{"line":47,"column":27}},"9":{"start":{"line":51,"column":8},"end":{"line":53,"column":21}},"10":{"start":{"line":55,"column":8},"end":{"line":57,"column":45}},"11":{"start":{"line":59,"column":8},"end":{"line":59,"column":35}},"12":{"start":{"line":61,"column":4},"end":{"line":325,"column":5}},"13":{"start":{"line":69,"column":8},"end":{"line":121,"column":10},"skip":true},"14":{"start":{"line":70,"column":12},"end":{"line":88,"column":13},"skip":true},"15":{"start":{"line":76,"column":16},"end":{"line":87,"column":19},"skip":true},"16":{"start":{"line":79,"column":20},"end":{"line":86,"column":21},"skip":true},"17":{"start":{"line":82,"column":24},"end":{"line":82,"column":43},"skip":true},"18":{"start":{"line":83,"column":24},"end":{"line":83,"column":30},"skip":true},"19":{"start":{"line":85,"column":24},"end":{"line":85,"column":49},"skip":true},"20":{"start":{"line":89,"column":12},"end":{"line":107,"column":13},"skip":true},"21":{"start":{"line":92,"column":16},"end":{"line":102,"column":17},"skip":true},"22":{"start":{"line":93,"column":20},"end":{"line":93,"column":86},"skip":true},"23":{"start":{"line":94,"column":20},"end":{"line":95,"column":45},"skip":true},"24":{"start":{"line":96,"column":20},"end":{"line":96,"column":42},"skip":true},"25":{"start":{"line":97,"column":20},"end":{"line":97,"column":48},"skip":true},"26":{"start":{"line":100,"column":20},"end":{"line":100,"column":85},"skip":true},"27":{"start":{"line":101,"column":20},"end":{"line":101,"column":96},"skip":true},"28":{"start":{"line":103,"column":16},"end":{"line":103,"column":22},"skip":true},"29":{"start":{"line":106,"column":16},"end":{"line":106,"column":22},"skip":true},"30":{"start":{"line":108,"column":12},"end":{"line":120,"column":13},"skip":true},"31":{"start":{"line":114,"column":16},"end":{"line":119,"column":17},"skip":true},"32":{"start":{"line":116,"column":20},"end":{"line":116,"column":78},"skip":true},"33":{"start":{"line":118,"column":20},"end":{"line":118,"column":47},"skip":true},"34":{"start":{"line":123,"column":8},"end":{"line":141,"column":11},"skip":true},"35":{"start":{"line":124,"column":12},"end":{"line":124,"column":54},"skip":true},"36":{"start":{"line":125,"column":12},"end":{"line":140,"column":14},"skip":true},"37":{"start":{"line":126,"column":16},"end":{"line":126,"column":28},"skip":true},"38":{"start":{"line":127,"column":16},"end":{"line":127,"column":69},"skip":true},"39":{"start":{"line":128,"column":16},"end":{"line":128,"column":75},"skip":true},"40":{"start":{"line":129,"column":16},"end":{"line":131,"column":17},"skip":true},"41":{"start":{"line":130,"column":20},"end":{"line":130,"column":27},"skip":true},"42":{"start":{"line":133,"column":16},"end":{"line":137,"column":36},"skip":true},"43":{"start":{"line":134,"column":20},"end":{"line":136,"column":55},"skip":true},"44":{"start":{"line":139,"column":16},"end":{"line":139,"column":57},"skip":true},"45":{"start":{"line":143,"column":8},"end":{"line":147,"column":11},"skip":true},"46":{"start":{"line":144,"column":12},"end":{"line":146,"column":15},"skip":true},"47":{"start":{"line":145,"column":16},"end":{"line":145,"column":70},"skip":true},"48":{"start":{"line":149,"column":8},"end":{"line":149,"column":31},"skip":true},"49":{"start":{"line":150,"column":8},"end":{"line":150,"column":14},"skip":true},"50":{"start":{"line":158,"column":8},"end":{"line":158,"column":31},"skip":true},"51":{"start":{"line":160,"column":8},"end":{"line":160,"column":33},"skip":true},"52":{"start":{"line":161,"column":8},"end":{"line":161,"column":37},"skip":true},"53":{"start":{"line":162,"column":8},"end":{"line":162,"column":35},"skip":true},"54":{"start":{"line":164,"column":8},"end":{"line":164,"column":50},"skip":true},"55":{"start":{"line":166,"column":8},"end":{"line":256,"column":2},"skip":true},"56":{"start":{"line":258,"column":8},"end":{"line":286,"column":9},"skip":true},"57":{"start":{"line":259,"column":12},"end":{"line":269,"column":14},"skip":true},"58":{"start":{"line":271,"column":12},"end":{"line":285,"column":19},"skip":true},"59":{"start":{"line":274,"column":20},"end":{"line":274,"column":35},"skip":true},"60":{"start":{"line":275,"column":20},"end":{"line":284,"column":21},"skip":true},"61":{"start":{"line":277,"column":24},"end":{"line":277,"column":64},"skip":true},"62":{"start":{"line":279,"column":24},"end":{"line":279,"column":40},"skip":true},"63":{"start":{"line":281,"column":24},"end":{"line":281,"column":40},"skip":true},"64":{"start":{"line":283,"column":24},"end":{"line":283,"column":39},"skip":true},"65":{"start":{"line":288,"column":8},"end":{"line":290,"column":9},"skip":true},"66":{"start":{"line":289,"column":12},"end":{"line":289,"column":18},"skip":true},"67":{"start":{"line":291,"column":8},"end":{"line":293,"column":54},"skip":true},"68":{"start":{"line":296,"column":8},"end":{"line":301,"column":37},"skip":true},"69":{"start":{"line":303,"column":8},"end":{"line":303,"column":82},"skip":true},"70":{"start":{"line":306,"column":8},"end":{"line":308,"column":9},"skip":true},"71":{"start":{"line":307,"column":12},"end":{"line":307,"column":82},"skip":true},"72":{"start":{"line":310,"column":8},"end":{"line":312,"column":9},"skip":true},"73":{"start":{"line":311,"column":12},"end":{"line":311,"column":18},"skip":true},"74":{"start":{"line":313,"column":8},"end":{"line":313,"column":54},"skip":true},"75":{"start":{"line":314,"column":8},"end":{"line":314,"column":69},"skip":true},"76":{"start":{"line":315,"column":8},"end":{"line":323,"column":36},"skip":true},"77":{"start":{"line":316,"column":12},"end":{"line":316,"column":61},"skip":true},"78":{"start":{"line":317,"column":12},"end":{"line":320,"column":13},"skip":true},"79":{"start":{"line":318,"column":16},"end":{"line":318,"column":75},"skip":true},"80":{"start":{"line":319,"column":16},"end":{"line":319,"column":23},"skip":true},"81":{"start":{"line":321,"column":12},"end":{"line":321,"column":38},"skip":true},"82":{"start":{"line":322,"column":12},"end":{"line":322,"column":27},"skip":true},"83":{"start":{"line":324,"column":8},"end":{"line":324,"column":14},"skip":true}},"branchMap":{"1":{"line":39,"type":"binary-expr","locations":[{"start":{"line":39,"column":23},"end":{"line":39,"column":62}},{"start":{"line":40,"column":20},"end":{"line":40,"column":70}},{"start":{"line":41,"column":20},"end":{"line":41,"column":71}},{"start":{"line":42,"column":20},"end":{"line":42,"column":29}}]},"2":{"line":44,"type":"binary-expr","locations":[{"start":{"line":44,"column":23},"end":{"line":44,"column":37}},{"start":{"line":45,"column":20},"end":{"line":45,"column":61}},{"start":{"line":46,"column":20},"end":{"line":46,"column":70}},{"start":{"line":47,"column":20},"end":{"line":47,"column":26}}]},"3":{"line":51,"type":"cond-expr","locations":[{"start":{"line":52,"column":14},"end":{"line":52,"column":20}},{"start":{"line":53,"column":14},"end":{"line":53,"column":20}}]},"4":{"line":55,"type":"binary-expr","locations":[{"start":{"line":55,"column":16},"end":{"line":55,"column":44}},{"start":{"line":55,"column":49},"end":{"line":57,"column":43}}]},"5":{"line":55,"type":"cond-expr","locations":[{"start":{"line":56,"column":14},"end":{"line":56,"column":53}},{"start":{"line":57,"column":14},"end":{"line":57,"column":43}}]},"6":{"line":61,"type":"switch","locations":[{"start":{"line":68,"column":4},"end":{"line":150,"column":14},"skip":true},{"start":{"line":156,"column":4},"end":{"line":324,"column":14},"skip":true}]},"7":{"line":70,"type":"if","locations":[{"start":{"line":70,"column":12},"end":{"line":70,"column":12},"skip":true},{"start":{"line":70,"column":12},"end":{"line":70,"column":12},"skip":true}]},"8":{"line":70,"type":"binary-expr","locations":[{"start":{"line":70,"column":16},"end":{"line":70,"column":22},"skip":true},{"start":{"line":70,"column":27},"end":{"line":70,"column":32},"skip":true},{"start":{"line":71,"column":20},"end":{"line":71,"column":39},"skip":true},{"start":{"line":72,"column":20},"end":{"line":72,"column":49},"skip":true},{"start":{"line":73,"column":20},"end":{"line":73,"column":58},"skip":true},{"start":{"line":74,"column":20},"end":{"line":74,"column":69},"skip":true}]},"9":{"line":79,"type":"switch","locations":[{"start":{"line":80,"column":20},"end":{"line":80,"column":33},"skip":true},{"start":{"line":81,"column":20},"end":{"line":83,"column":30},"skip":true},{"start":{"line":84,"column":20},"end":{"line":85,"column":49},"skip":true}]},"10":{"line":89,"type":"switch","locations":[{"start":{"line":90,"column":12},"end":{"line":103,"column":22},"skip":true},{"start":{"line":105,"column":12},"end":{"line":106,"column":22},"skip":true}]},"11":{"line":89,"type":"binary-expr","locations":[{"start":{"line":89,"column":20},"end":{"line":89,"column":25},"skip":true},{"start":{"line":89,"column":29},"end":{"line":89,"column":48},"skip":true},{"start":{"line":89,"column":52},"end":{"line":89,"column":74},"skip":true}]},"12":{"line":92,"type":"if","locations":[{"start":{"line":92,"column":16},"end":{"line":92,"column":16},"skip":true},{"start":{"line":92,"column":16},"end":{"line":92,"column":16},"skip":true}]},"13":{"line":108,"type":"if","locations":[{"start":{"line":108,"column":12},"end":{"line":108,"column":12},"skip":true},{"start":{"line":108,"column":12},"end":{"line":108,"column":12},"skip":true}]},"14":{"line":108,"type":"binary-expr","locations":[{"start":{"line":108,"column":16},"end":{"line":108,"column":61},"skip":true},{"start":{"line":108,"column":66},"end":{"line":108,"column":72},"skip":true},{"start":{"line":108,"column":77},"end":{"line":108,"column":82},"skip":true},{"start":{"line":109,"column":20},"end":{"line":109,"column":39},"skip":true},{"start":{"line":110,"column":20},"end":{"line":110,"column":49},"skip":true},{"start":{"line":111,"column":20},"end":{"line":111,"column":58},"skip":true},{"start":{"line":112,"column":20},"end":{"line":112,"column":68},"skip":true}]},"15":{"line":129,"type":"if","locations":[{"start":{"line":129,"column":16},"end":{"line":129,"column":16},"skip":true},{"start":{"line":129,"column":16},"end":{"line":129,"column":16},"skip":true}]},"16":{"line":134,"type":"cond-expr","locations":[{"start":{"line":135,"column":26},"end":{"line":135,"column":29},"skip":true},{"start":{"line":136,"column":26},"end":{"line":136,"column":54},"skip":true}]},"17":{"line":164,"type":"binary-expr","locations":[{"start":{"line":164,"column":27},"end":{"line":164,"column":43},"skip":true},{"start":{"line":164,"column":47},"end":{"line":164,"column":49},"skip":true}]},"18":{"line":258,"type":"if","locations":[{"start":{"line":258,"column":8},"end":{"line":258,"column":8},"skip":true},{"start":{"line":258,"column":8},"end":{"line":258,"column":8},"skip":true}]},"19":{"line":275,"type":"switch","locations":[{"start":{"line":276,"column":20},"end":{"line":277,"column":64},"skip":true},{"start":{"line":278,"column":20},"end":{"line":279,"column":40},"skip":true},{"start":{"line":280,"column":20},"end":{"line":281,"column":40},"skip":true},{"start":{"line":282,"column":20},"end":{"line":283,"column":39},"skip":true}]},"20":{"line":288,"type":"if","locations":[{"start":{"line":288,"column":8},"end":{"line":288,"column":8},"skip":true},{"start":{"line":288,"column":8},"end":{"line":288,"column":8},"skip":true}]},"21":{"line":288,"type":"binary-expr","locations":[{"start":{"line":288,"column":12},"end":{"line":288,"column":40},"skip":true},{"start":{"line":288,"column":44},"end":{"line":288,"column":67},"skip":true}]},"22":{"line":292,"type":"binary-expr","locations":[{"start":{"line":292,"column":12},"end":{"line":292,"column":50},"skip":true},{"start":{"line":293,"column":12},"end":{"line":293,"column":53},"skip":true}]},"23":{"line":297,"type":"binary-expr","locations":[{"start":{"line":297,"column":12},"end":{"line":297,"column":67},"skip":true},{"start":{"line":298,"column":12},"end":{"line":301,"column":36},"skip":true}]},"24":{"line":303,"type":"binary-expr","locations":[{"start":{"line":303,"column":43},"end":{"line":303,"column":75},"skip":true},{"start":{"line":303,"column":79},"end":{"line":303,"column":81},"skip":true}]},"25":{"line":306,"type":"if","locations":[{"start":{"line":306,"column":8},"end":{"line":306,"column":8},"skip":true},{"start":{"line":306,"column":8},"end":{"line":306,"column":8},"skip":true}]},"26":{"line":310,"type":"if","locations":[{"start":{"line":310,"column":8},"end":{"line":310,"column":8},"skip":true},{"start":{"line":310,"column":8},"end":{"line":310,"column":8},"skip":true}]},"27":{"line":313,"type":"binary-expr","locations":[{"start":{"line":313,"column":27},"end":{"line":313,"column":43},"skip":true},{"start":{"line":313,"column":47},"end":{"line":313,"column":53},"skip":true}]},"28":{"line":317,"type":"if","locations":[{"start":{"line":317,"column":12},"end":{"line":317,"column":12},"skip":true},{"start":{"line":317,"column":12},"end":{"line":317,"column":12},"skip":true}]}},"code":["/*","example.js","","quickstart example","","instruction","    1. save this script as example.js","    2. run the shell command:","        $ npm install npmtest-local-npm && PORT=8081 node example.js","    3. play with the browser-demo on http://127.0.0.1:8081","*/","","","","/* istanbul instrument in package npmtest_local_npm */","/*jslint","    bitwise: true,","    browser: true,","    maxerr: 8,","    maxlen: 96,","    node: true,","    nomen: true,","    regexp: true,","    stupid: true","*/","(function () {","    'use strict';","    var local;","","","","    // run shared js-env code - pre-init","    (function () {","        // init local","        local = {};","        // init modeJs","        local.modeJs = (function () {","            try {","                return typeof navigator.userAgent === 'string' &&","                    typeof document.querySelector('body') === 'object' &&","                    typeof XMLHttpRequest.prototype.open === 'function' &&","                    'browser';","            } catch (errorCaughtBrowser) {","                return module.exports &&","                    typeof process.versions.node === 'string' &&","                    typeof require('http').createServer === 'function' &&","                    'node';","            }","        }());","        // init global","        local.global = local.modeJs === 'browser'","            ? window","            : global;","        // init utility2_rollup","        local = local.global.utility2_rollup || (local.modeJs === 'browser'","            ? local.global.utility2_npmtest_local_npm","            : global.utility2_moduleExports);","        // export local","        local.global.local = local;","    }());","    switch (local.modeJs) {","","","","    // post-init","    // run browser js-env code - post-init","    /* istanbul ignore next */","    case 'browser':","        local.testRunBrowser = function (event) {","            if (!event || (event &&","                    event.currentTarget &&","                    event.currentTarget.className &&","                    event.currentTarget.className.includes &&","                    event.currentTarget.className.includes('onreset'))) {","                // reset output","                Array.from(","                    document.querySelectorAll('body > .resettable')","                ).forEach(function (element) {","                    switch (element.tagName) {","                    case 'INPUT':","                    case 'TEXTAREA':","                        element.value = '';","                        break;","                    default:","                        element.textContent = '';","                    }","                });","            }","            switch (event && event.currentTarget && event.currentTarget.id) {","            case 'testRunButton1':","                // show tests","                if (document.querySelector('#testReportDiv1').style.display === 'none') {","                    document.querySelector('#testReportDiv1').style.display = 'block';","                    document.querySelector('#testRunButton1').textContent =","                        'hide internal test';","                    local.modeTest = true;","                    local.testRunDefault(local);","                // hide tests","                } else {","                    document.querySelector('#testReportDiv1').style.display = 'none';","                    document.querySelector('#testRunButton1').textContent = 'run internal test';","                }","                break;","            // custom-case","            default:","                break;","            }","            if (document.querySelector('#inputTextareaEval1') && (!event || (event &&","                    event.currentTarget &&","                    event.currentTarget.className &&","                    event.currentTarget.className.includes &&","                    event.currentTarget.className.includes('oneval')))) {","                // try to eval input-code","                try {","                    /*jslint evil: true*/","                    eval(document.querySelector('#inputTextareaEval1').value);","                } catch (errorCaught) {","                    console.error(errorCaught);","                }","            }","        };","        // log stderr and stdout to #outputTextareaStdout1","        ['error', 'log'].forEach(function (key) {","            console[key + '_original'] = console[key];","            console[key] = function () {","                var element;","                console[key + '_original'].apply(console, arguments);","                element = document.querySelector('#outputTextareaStdout1');","                if (!element) {","                    return;","                }","                // append text to #outputTextareaStdout1","                element.value += Array.from(arguments).map(function (arg) {","                    return typeof arg === 'string'","                        ? arg","                        : JSON.stringify(arg, null, 4);","                }).join(' ') + '\\n';","                // scroll textarea to bottom","                element.scrollTop = element.scrollHeight;","            };","        });","        // init event-handling","        ['change', 'click', 'keyup'].forEach(function (event) {","            Array.from(document.querySelectorAll('.on' + event)).forEach(function (element) {","                element.addEventListener(event, local.testRunBrowser);","            });","        });","        // run tests","        local.testRunBrowser();","        break;","","","","    // run node js-env code - post-init","    /* istanbul ignore next */","    case 'node':","        // export local","        module.exports = local;","        // require modules","        local.fs = require('fs');","        local.http = require('http');","        local.url = require('url');","        // init assets","        local.assetsDict = local.assetsDict || {};","        /* jslint-ignore-begin */","        local.assetsDict['/assets.index.template.html'] = '\\","<!doctype html>\\n\\","<html lang=\"en\">\\n\\","<head>\\n\\","<meta charset=\"UTF-8\">\\n\\","<meta name=\"viewport\" content=\"width=device-width, initial-scale=1\">\\n\\","<title>{{env.npm_package_name}} (v{{env.npm_package_version}})</title>\\n\\","<style>\\n\\","/*csslint\\n\\","    box-sizing: false,\\n\\","    universal-selector: false\\n\\","*/\\n\\","* {\\n\\","    box-sizing: border-box;\\n\\","}\\n\\","body {\\n\\","    background: #dde;\\n\\","    font-family: Arial, Helvetica, sans-serif;\\n\\","    margin: 2rem;\\n\\","}\\n\\","body > * {\\n\\","    margin-bottom: 1rem;\\n\\","}\\n\\",".utility2FooterDiv {\\n\\","    margin-top: 20px;\\n\\","    text-align: center;\\n\\","}\\n\\","</style>\\n\\","<style>\\n\\","/*csslint\\n\\","*/\\n\\","textarea {\\n\\","    font-family: monospace;\\n\\","    height: 10rem;\\n\\","    width: 100%;\\n\\","}\\n\\","textarea[readonly] {\\n\\","    background: #ddd;\\n\\","}\\n\\","</style>\\n\\","</head>\\n\\","<body>\\n\\","<!-- utility2-comment\\n\\","<div id=\"ajaxProgressDiv1\" style=\"background: #d00; height: 2px; left: 0; margin: 0; padding: 0; position: fixed; top: 0; transition: background 0.5s, width 1.5s; width: 25%;\"></div>\\n\\","utility2-comment -->\\n\\","<h1>\\n\\","<!-- utility2-comment\\n\\","    <a\\n\\","        {{#if env.npm_package_homepage}}\\n\\","        href=\"{{env.npm_package_homepage}}\"\\n\\","        {{/if env.npm_package_homepage}}\\n\\","        target=\"_blank\"\\n\\","    >\\n\\","utility2-comment -->\\n\\","        {{env.npm_package_name}} (v{{env.npm_package_version}})\\n\\","<!-- utility2-comment\\n\\","    </a>\\n\\","utility2-comment -->\\n\\","</h1>\\n\\","<h3>{{env.npm_package_description}}</h3>\\n\\","<!-- utility2-comment\\n\\","<h4><a download href=\"assets.app.js\">download standalone app</a></h4>\\n\\","<button class=\"onclick onreset\" id=\"testRunButton1\">run internal test</button><br>\\n\\","<div id=\"testReportDiv1\" style=\"display: none;\"></div>\\n\\","utility2-comment -->\\n\\","\\n\\","\\n\\","\\n\\","<label>stderr and stdout</label>\\n\\","<textarea class=\"resettable\" id=\"outputTextareaStdout1\" readonly></textarea>\\n\\","<!-- utility2-comment\\n\\","{{#if isRollup}}\\n\\","<script src=\"assets.app.js\"></script>\\n\\","{{#unless isRollup}}\\n\\","utility2-comment -->\\n\\","<script src=\"assets.utility2.rollup.js\"></script>\\n\\","<script src=\"jsonp.utility2._stateInit?callback=window.utility2._stateInit\"></script>\\n\\","<script src=\"assets.npmtest_local_npm.rollup.js\"></script>\\n\\","<script src=\"assets.example.js\"></script>\\n\\","<script src=\"assets.test.js\"></script>\\n\\","<!-- utility2-comment\\n\\","{{/if isRollup}}\\n\\","utility2-comment -->\\n\\","<div class=\"utility2FooterDiv\">\\n\\","    [ this app was created with\\n\\","    <a href=\"https://github.com/kaizhu256/node-utility2\" target=\"_blank\">utility2</a>\\n\\","    ]\\n\\","</div>\\n\\","</body>\\n\\","</html>\\n\\","';","        /* jslint-ignore-end */","        if (local.templateRender) {","            local.assetsDict['/'] = local.templateRender(","                local.assetsDict['/assets.index.template.html'],","                {","                    env: local.objectSetDefault(local.env, {","                        npm_package_description: 'the greatest app in the world!',","                        npm_package_name: 'my-app',","                        npm_package_nameAlias: 'my_app',","                        npm_package_version: '0.0.1'","                    })","                }","            );","        } else {","            local.assetsDict['/'] = local.assetsDict['/assets.index.template.html']","                .replace((/\\{\\{env\\.(\\w+?)\\}\\}/g), function (match0, match1) {","                    // jslint-hack","                    String(match0);","                    switch (match1) {","                    case 'npm_package_description':","                        return 'the greatest app in the world!';","                    case 'npm_package_name':","                        return 'my-app';","                    case 'npm_package_nameAlias':","                        return 'my_app';","                    case 'npm_package_version':","                        return '0.0.1';","                    }","                });","        }","        // run the cli","        if (local.global.utility2_rollup || module !== require.main) {","            break;","        }","        local.assetsDict['/assets.example.js'] =","            local.assetsDict['/assets.example.js'] ||","            local.fs.readFileSync(__filename, 'utf8');","        // bug-workaround - long $npm_package_buildCustomOrg","        /* jslint-ignore-begin */","        local.assetsDict['/assets.npmtest_local_npm.rollup.js'] =","            local.assetsDict['/assets.npmtest_local_npm.rollup.js'] ||","            local.fs.readFileSync(","                local.npmtest_local_npm.__dirname + '/lib.npmtest_local_npm.js',","                'utf8'","            ).replace((/^#!/), '//');","        /* jslint-ignore-end */","        local.assetsDict['/favicon.ico'] = local.assetsDict['/favicon.ico'] || '';","        // if $npm_config_timeout_exit exists,","        // then exit this process after $npm_config_timeout_exit ms","        if (Number(process.env.npm_config_timeout_exit)) {","            setTimeout(process.exit, Number(process.env.npm_config_timeout_exit));","        }","        // start server","        if (local.global.utility2_serverHttp1) {","            break;","        }","        process.env.PORT = process.env.PORT || '8081';","        console.error('server starting on port ' + process.env.PORT);","        local.http.createServer(function (request, response) {","            request.urlParsed = local.url.parse(request.url);","            if (local.assetsDict[request.urlParsed.pathname] !== undefined) {","                response.end(local.assetsDict[request.urlParsed.pathname]);","                return;","            }","            response.statusCode = 404;","            response.end();","        }).listen(process.env.PORT);","        break;","    }","}());",""],"l":{"26":2,"28":2,"33":2,"35":2,"37":2,"38":2,"39":2,"44":1,"51":2,"55":2,"59":2,"61":2,"69":1,"70":2,"76":2,"79":2,"82":2,"83":2,"85":1,"89":2,"92":1,"93":1,"94":1,"96":1,"97":1,"100":1,"101":1,"103":1,"106":1,"108":2,"114":1,"116":1,"118":1,"123":1,"124":2,"125":2,"126":3,"127":3,"128":3,"129":3,"130":1,"133":3,"134":3,"139":3,"143":1,"144":3,"145":1,"149":1,"150":1,"158":1,"160":1,"161":1,"162":1,"164":1,"166":1,"258":1,"259":1,"271":1,"274":6,"275":6,"277":1,"279":2,"281":1,"283":2,"288":1,"289":1,"291":1,"296":1,"303":1,"306":1,"307":1,"310":1,"311":1,"313":1,"314":1,"315":1,"316":1,"317":1,"318":1,"319":1,"321":1,"322":1,"324":1}},"/home/travis/build/npmtest/node-npmtest-local-npm/node_modules/local-npm/lib/index.js":{"path":"/home/travis/build/npmtest/node-npmtest-local-npm/node_modules/local-npm/lib/index.js","s":{"1":1,"2":1,"3":1,"4":1,"5":1,"6":1,"7":1,"8":1,"9":1,"10":1,"11":1,"12":1,"13":1,"14":1,"15":1,"16":1,"17":1,"18":1,"19":1,"20":1,"21":1,"22":1,"23":1,"24":1,"25":1,"26":1,"27":1,"28":1,"29":1,"30":1,"31":1,"32":1,"33":1,"34":1,"35":1,"36":1,"37":1,"38":1,"39":1,"40":1,"41":1,"42":1,"43":1,"44":1,"45":1,"46":1,"47":1,"48":1,"49":1,"50":0,"51":0,"52":0,"53":0,"54":0,"55":0,"56":1,"57":1,"58":1,"59":0,"60":0,"61":1,"62":0,"63":0,"64":0,"65":0,"66":0,"67":0,"68":0,"69":0,"70":0,"71":1,"72":0,"73":0,"74":0,"75":1,"76":0,"77":0,"78":1,"79":1,"80":0,"81":0,"82":0,"83":0,"84":0,"85":0,"86":0,"87":0,"88":0,"89":0,"90":0,"91":1,"92":0,"93":0,"94":0,"95":0,"96":0,"97":0,"98":0,"99":0,"100":0,"101":0,"102":0,"103":1,"104":0,"105":0,"106":0,"107":0,"108":0,"109":0,"110":0,"111":0,"112":0,"113":0,"114":0,"115":0,"116":0,"117":0,"118":0,"119":0,"120":0,"121":0,"122":0,"123":0,"124":0,"125":0,"126":0,"127":0,"128":0,"129":0,"130":0,"131":0,"132":0,"133":0,"134":0,"135":0,"136":0,"137":0,"138":0,"139":0,"140":0,"141":0,"142":0,"143":1,"144":0,"145":1,"146":1,"147":1,"148":1,"149":0,"150":0,"151":0,"152":0,"153":0,"154":0,"155":0,"156":0,"157":0,"158":1,"159":0,"160":0,"161":1,"162":0,"163":0,"164":0,"165":0,"166":0,"167":1,"168":1,"169":1,"170":0,"171":0,"172":0,"173":0},"b":{"1":[1,0],"2":[0,0],"3":[1,0,0,0],"4":[0,0],"5":[0,0],"6":[0,0],"7":[0,0],"8":[0,0],"9":[0,0]},"f":{"1":1,"2":0,"3":0,"4":0,"5":0,"6":0,"7":0,"8":0,"9":0,"10":0,"11":0,"12":0,"13":0,"14":0,"15":0,"16":0,"17":0,"18":0,"19":0,"20":0,"21":0,"22":0,"23":0,"24":0,"25":0,"26":0,"27":0,"28":0,"29":0,"30":1,"31":0,"32":0,"33":0,"34":0,"35":0,"36":0,"37":0,"38":0,"39":0,"40":0,"41":0},"fnMap":{"1":{"name":"(anonymous_1)","line":26,"loc":{"start":{"line":26,"column":17},"end":{"line":26,"column":33}}},"2":{"name":"redirectToSkimdb","line":68,"loc":{"start":{"line":68,"column":2},"end":{"line":68,"column":38}}},"3":{"name":"(anonymous_3)","line":71,"loc":{"start":{"line":71,"column":20},"end":{"line":71,"column":35}}},"4":{"name":"(anonymous_4)","line":80,"loc":{"start":{"line":80,"column":15},"end":{"line":80,"column":35}}},"5":{"name":"(anonymous_5)","line":81,"loc":{"start":{"line":81,"column":53},"end":{"line":81,"column":69}}},"6":{"name":"massageMetadata","line":97,"loc":{"start":{"line":97,"column":2},"end":{"line":97,"column":41}}},"7":{"name":"sendBinary","line":115,"loc":{"start":{"line":115,"column":2},"end":{"line":115,"column":35}}},"8":{"name":"cacheResponse","line":121,"loc":{"start":{"line":121,"column":2},"end":{"line":121,"column":36}}},"9":{"name":"(anonymous_9)","line":139,"loc":{"start":{"line":139,"column":29},"end":{"line":139,"column":49}}},"10":{"name":"(anonymous_10)","line":140,"loc":{"start":{"line":140,"column":41},"end":{"line":140,"column":53}}},"11":{"name":"(anonymous_11)","line":142,"loc":{"start":{"line":142,"column":12},"end":{"line":142,"column":27}}},"12":{"name":"(anonymous_12)","line":153,"loc":{"start":{"line":153,"column":13},"end":{"line":153,"column":25}}},"13":{"name":"(anonymous_13)","line":155,"loc":{"start":{"line":155,"column":23},"end":{"line":155,"column":37}}},"14":{"name":"(anonymous_14)","line":164,"loc":{"start":{"line":164,"column":20},"end":{"line":164,"column":40}}},"15":{"name":"(anonymous_15)","line":167,"loc":{"start":{"line":167,"column":30},"end":{"line":167,"column":42}}},"16":{"name":"(anonymous_16)","line":169,"loc":{"start":{"line":169,"column":12},"end":{"line":169,"column":27}}},"17":{"name":"(anonymous_17)","line":174,"loc":{"start":{"line":174,"column":13},"end":{"line":174,"column":25}}},"18":{"name":"(anonymous_18)","line":176,"loc":{"start":{"line":176,"column":23},"end":{"line":176,"column":37}}},"19":{"name":"(anonymous_19)","line":185,"loc":{"start":{"line":185,"column":42},"end":{"line":185,"column":62}}},"20":{"name":"(anonymous_20)","line":192,"loc":{"start":{"line":192,"column":33},"end":{"line":192,"column":45}}},"21":{"name":"(anonymous_21)","line":194,"loc":{"start":{"line":194,"column":13},"end":{"line":194,"column":25}}},"22":{"name":"(anonymous_22)","line":197,"loc":{"start":{"line":197,"column":12},"end":{"line":197,"column":27}}},"23":{"name":"(anonymous_23)","line":206,"loc":{"start":{"line":206,"column":60},"end":{"line":206,"column":83}}},"24":{"name":"(anonymous_24)","line":222,"loc":{"start":{"line":222,"column":46},"end":{"line":222,"column":61}}},"25":{"name":"(anonymous_25)","line":225,"loc":{"start":{"line":225,"column":24},"end":{"line":225,"column":50}}},"26":{"name":"(anonymous_26)","line":228,"loc":{"start":{"line":228,"column":11},"end":{"line":228,"column":27}}},"27":{"name":"(anonymous_27)","line":233,"loc":{"start":{"line":233,"column":29},"end":{"line":233,"column":44}}},"28":{"name":"(anonymous_28)","line":241,"loc":{"start":{"line":241,"column":13},"end":{"line":241,"column":28}}},"29":{"name":"(anonymous_29)","line":245,"loc":{"start":{"line":245,"column":16},"end":{"line":245,"column":36}}},"30":{"name":"replicateSkim","line":251,"loc":{"start":{"line":251,"column":2},"end":{"line":251,"column":27}}},"31":{"name":"(anonymous_31)","line":252,"loc":{"start":{"line":252,"column":27},"end":{"line":252,"column":43}}},"32":{"name":"(anonymous_32)","line":257,"loc":{"start":{"line":257,"column":22},"end":{"line":257,"column":40}}},"33":{"name":"(anonymous_33)","line":262,"loc":{"start":{"line":262,"column":48},"end":{"line":262,"column":63}},"skip":true},"34":{"name":"(anonymous_34)","line":267,"loc":{"start":{"line":267,"column":13},"end":{"line":267,"column":28}}},"35":{"name":"restartReplication","line":274,"loc":{"start":{"line":274,"column":2},"end":{"line":274,"column":32}}},"36":{"name":"getCount","line":279,"loc":{"start":{"line":279,"column":2},"end":{"line":279,"column":22}}},"37":{"name":"(anonymous_37)","line":280,"loc":{"start":{"line":280,"column":23},"end":{"line":280,"column":50}}},"38":{"name":"(anonymous_38)","line":283,"loc":{"start":{"line":283,"column":18},"end":{"line":283,"column":30}}},"39":{"name":"(anonymous_39)","line":285,"loc":{"start":{"line":285,"column":19},"end":{"line":285,"column":31}}},"40":{"name":"(anonymous_40)","line":294,"loc":{"start":{"line":294,"column":23},"end":{"line":294,"column":35}}},"41":{"name":"(anonymous_41)","line":305,"loc":{"start":{"line":305,"column":24},"end":{"line":305,"column":36}}}},"statementMap":{"1":{"start":{"line":5,"column":0},"end":{"line":5,"column":27}},"2":{"start":{"line":6,"column":0},"end":{"line":6,"column":31}},"3":{"start":{"line":7,"column":0},"end":{"line":7,"column":33}},"4":{"start":{"line":8,"column":0},"end":{"line":8,"column":34}},"5":{"start":{"line":9,"column":0},"end":{"line":9,"column":33}},"6":{"start":{"line":10,"column":0},"end":{"line":10,"column":29}},"7":{"start":{"line":11,"column":0},"end":{"line":11,"column":34}},"8":{"start":{"line":12,"column":0},"end":{"line":12,"column":33}},"9":{"start":{"line":13,"column":0},"end":{"line":13,"column":33}},"10":{"start":{"line":14,"column":0},"end":{"line":14,"column":31}},"11":{"start":{"line":15,"column":0},"end":{"line":15,"column":31}},"12":{"start":{"line":16,"column":0},"end":{"line":16,"column":31}},"13":{"start":{"line":17,"column":0},"end":{"line":17,"column":42}},"14":{"start":{"line":18,"column":0},"end":{"line":18,"column":41}},"15":{"start":{"line":19,"column":0},"end":{"line":19,"column":39}},"16":{"start":{"line":21,"column":0},"end":{"line":21,"column":39}},"17":{"start":{"line":22,"column":0},"end":{"line":22,"column":44}},"18":{"start":{"line":23,"column":0},"end":{"line":23,"column":55}},"19":{"start":{"line":26,"column":0},"end":{"line":309,"column":2}},"20":{"start":{"line":27,"column":2},"end":{"line":27,"column":26}},"21":{"start":{"line":28,"column":2},"end":{"line":28,"column":27}},"22":{"start":{"line":29,"column":2},"end":{"line":29,"column":20}},"23":{"start":{"line":30,"column":2},"end":{"line":30,"column":25}},"24":{"start":{"line":31,"column":2},"end":{"line":31,"column":25}},"25":{"start":{"line":32,"column":2},"end":{"line":32,"column":54}},"26":{"start":{"line":33,"column":2},"end":{"line":33,"column":25}},"27":{"start":{"line":34,"column":2},"end":{"line":34,"column":39}},"28":{"start":{"line":35,"column":2},"end":{"line":35,"column":25}},"29":{"start":{"line":36,"column":2},"end":{"line":36,"column":30}},"30":{"start":{"line":37,"column":2},"end":{"line":37,"column":29}},"31":{"start":{"line":38,"column":2},"end":{"line":38,"column":29}},"32":{"start":{"line":39,"column":2},"end":{"line":39,"column":54}},"33":{"start":{"line":40,"column":2},"end":{"line":40,"column":53}},"34":{"start":{"line":41,"column":2},"end":{"line":41,"column":49}},"35":{"start":{"line":42,"column":2},"end":{"line":42,"column":54}},"36":{"start":{"line":43,"column":2},"end":{"line":43,"column":20}},"37":{"start":{"line":44,"column":2},"end":{"line":44,"column":22}},"38":{"start":{"line":45,"column":2},"end":{"line":45,"column":14}},"39":{"start":{"line":47,"column":2},"end":{"line":47,"column":42}},"40":{"start":{"line":49,"column":2},"end":{"line":49,"column":44}},"41":{"start":{"line":50,"column":2},"end":{"line":52,"column":5}},"42":{"start":{"line":53,"column":2},"end":{"line":53,"column":54}},"43":{"start":{"line":56,"column":2},"end":{"line":58,"column":3}},"44":{"start":{"line":57,"column":4},"end":{"line":57,"column":27}},"45":{"start":{"line":59,"column":2},"end":{"line":59,"column":25}},"46":{"start":{"line":60,"column":2},"end":{"line":60,"column":47}},"47":{"start":{"line":65,"column":2},"end":{"line":65,"column":97}},"48":{"start":{"line":67,"column":2},"end":{"line":67,"column":58}},"49":{"start":{"line":68,"column":2},"end":{"line":76,"column":3}},"50":{"start":{"line":69,"column":4},"end":{"line":69,"column":62}},"51":{"start":{"line":70,"column":4},"end":{"line":70,"column":74}},"52":{"start":{"line":71,"column":4},"end":{"line":74,"column":7}},"53":{"start":{"line":72,"column":6},"end":{"line":72,"column":46}},"54":{"start":{"line":73,"column":6},"end":{"line":73,"column":23}},"55":{"start":{"line":75,"column":4},"end":{"line":75,"column":18}},"56":{"start":{"line":77,"column":2},"end":{"line":77,"column":40}},"57":{"start":{"line":78,"column":2},"end":{"line":78,"column":41}},"58":{"start":{"line":80,"column":2},"end":{"line":90,"column":5}},"59":{"start":{"line":81,"column":4},"end":{"line":89,"column":7}},"60":{"start":{"line":83,"column":6},"end":{"line":88,"column":9}},"61":{"start":{"line":97,"column":2},"end":{"line":113,"column":3}},"62":{"start":{"line":98,"column":4},"end":{"line":98,"column":24}},"63":{"start":{"line":99,"column":4},"end":{"line":99,"column":45}},"64":{"start":{"line":100,"column":4},"end":{"line":111,"column":5}},"65":{"start":{"line":101,"column":6},"end":{"line":101,"column":32}},"66":{"start":{"line":102,"column":6},"end":{"line":110,"column":7}},"67":{"start":{"line":106,"column":8},"end":{"line":106,"column":37}},"68":{"start":{"line":108,"column":8},"end":{"line":108,"column":78}},"69":{"start":{"line":109,"column":8},"end":{"line":109,"column":49}},"70":{"start":{"line":112,"column":4},"end":{"line":112,"column":15}},"71":{"start":{"line":115,"column":2},"end":{"line":119,"column":3}},"72":{"start":{"line":116,"column":4},"end":{"line":116,"column":56}},"73":{"start":{"line":117,"column":4},"end":{"line":117,"column":45}},"74":{"start":{"line":118,"column":4},"end":{"line":118,"column":28}},"75":{"start":{"line":121,"column":2},"end":{"line":126,"column":3}},"76":{"start":{"line":124,"column":4},"end":{"line":124,"column":38}},"77":{"start":{"line":125,"column":4},"end":{"line":125,"column":44}},"78":{"start":{"line":130,"column":2},"end":{"line":134,"column":48}},"79":{"start":{"line":139,"column":2},"end":{"line":163,"column":5}},"80":{"start":{"line":140,"column":4},"end":{"line":162,"column":7}},"81":{"start":{"line":141,"column":6},"end":{"line":141,"column":45}},"82":{"start":{"line":143,"column":6},"end":{"line":143,"column":60}},"83":{"start":{"line":144,"column":6},"end":{"line":144,"column":77}},"84":{"start":{"line":145,"column":6},"end":{"line":152,"column":7}},"85":{"start":{"line":146,"column":8},"end":{"line":146,"column":37}},"86":{"start":{"line":147,"column":8},"end":{"line":147,"column":34}},"87":{"start":{"line":149,"column":8},"end":{"line":151,"column":11}},"88":{"start":{"line":154,"column":6},"end":{"line":161,"column":21}},"89":{"start":{"line":156,"column":12},"end":{"line":156,"column":131}},"90":{"start":{"line":157,"column":12},"end":{"line":159,"column":15}},"91":{"start":{"line":164,"column":2},"end":{"line":184,"column":5}},"92":{"start":{"line":165,"column":4},"end":{"line":165,"column":31}},"93":{"start":{"line":166,"column":4},"end":{"line":166,"column":50}},"94":{"start":{"line":167,"column":4},"end":{"line":183,"column":7}},"95":{"start":{"line":168,"column":6},"end":{"line":168,"column":34}},"96":{"start":{"line":170,"column":6},"end":{"line":170,"column":56}},"97":{"start":{"line":171,"column":6},"end":{"line":171,"column":55}},"98":{"start":{"line":172,"column":6},"end":{"line":172,"column":35}},"99":{"start":{"line":173,"column":6},"end":{"line":173,"column":28}},"100":{"start":{"line":175,"column":6},"end":{"line":182,"column":21}},"101":{"start":{"line":177,"column":12},"end":{"line":177,"column":83}},"102":{"start":{"line":178,"column":12},"end":{"line":180,"column":15}},"103":{"start":{"line":185,"column":2},"end":{"line":244,"column":5}},"104":{"start":{"line":187,"column":4},"end":{"line":187,"column":34}},"105":{"start":{"line":188,"column":4},"end":{"line":188,"column":40}},"106":{"start":{"line":189,"column":4},"end":{"line":189,"column":40}},"107":{"start":{"line":191,"column":4},"end":{"line":191,"column":53}},"108":{"start":{"line":192,"column":4},"end":{"line":243,"column":7}},"109":{"start":{"line":193,"column":6},"end":{"line":193,"column":37}},"110":{"start":{"line":195,"column":6},"end":{"line":195,"column":79}},"111":{"start":{"line":196,"column":6},"end":{"line":196,"column":33}},"112":{"start":{"line":198,"column":6},"end":{"line":198,"column":58}},"113":{"start":{"line":201,"column":6},"end":{"line":203,"column":7}},"114":{"start":{"line":202,"column":8},"end":{"line":202,"column":47}},"115":{"start":{"line":204,"column":6},"end":{"line":204,"column":47}},"116":{"start":{"line":205,"column":6},"end":{"line":205,"column":40}},"117":{"start":{"line":206,"column":6},"end":{"line":240,"column":9}},"118":{"start":{"line":207,"column":8},"end":{"line":207,"column":45}},"119":{"start":{"line":208,"column":8},"end":{"line":218,"column":9}},"120":{"start":{"line":209,"column":10},"end":{"line":209,"column":47}},"121":{"start":{"line":210,"column":10},"end":{"line":210,"column":30}},"122":{"start":{"line":211,"column":10},"end":{"line":217,"column":11}},"123":{"start":{"line":213,"column":12},"end":{"line":213,"column":62}},"124":{"start":{"line":215,"column":12},"end":{"line":215,"column":44}},"125":{"start":{"line":216,"column":12},"end":{"line":216,"column":43}},"126":{"start":{"line":219,"column":8},"end":{"line":219,"column":41}},"127":{"start":{"line":220,"column":8},"end":{"line":220,"column":23}},"128":{"start":{"line":221,"column":8},"end":{"line":221,"column":57}},"129":{"start":{"line":222,"column":8},"end":{"line":239,"column":12}},"130":{"start":{"line":223,"column":10},"end":{"line":223,"column":27}},"131":{"start":{"line":224,"column":10},"end":{"line":224,"column":81}},"132":{"start":{"line":226,"column":10},"end":{"line":226,"column":28}},"133":{"start":{"line":227,"column":10},"end":{"line":227,"column":17}},"134":{"start":{"line":229,"column":10},"end":{"line":229,"column":17}},"135":{"start":{"line":230,"column":10},"end":{"line":230,"column":44}},"136":{"start":{"line":231,"column":10},"end":{"line":231,"column":62}},"137":{"start":{"line":232,"column":10},"end":{"line":232,"column":34}},"138":{"start":{"line":233,"column":10},"end":{"line":238,"column":13}},"139":{"start":{"line":234,"column":12},"end":{"line":234,"column":47}},"140":{"start":{"line":235,"column":12},"end":{"line":237,"column":13}},"141":{"start":{"line":236,"column":14},"end":{"line":236,"column":31}},"142":{"start":{"line":242,"column":6},"end":{"line":242,"column":23}},"143":{"start":{"line":245,"column":2},"end":{"line":247,"column":5}},"144":{"start":{"line":246,"column":4},"end":{"line":246,"column":47}},"145":{"start":{"line":248,"column":2},"end":{"line":248,"column":35}},"146":{"start":{"line":250,"column":2},"end":{"line":250,"column":11}},"147":{"start":{"line":251,"column":2},"end":{"line":273,"column":3}},"148":{"start":{"line":252,"column":4},"end":{"line":272,"column":7}},"149":{"start":{"line":253,"column":6},"end":{"line":266,"column":9}},"150":{"start":{"line":258,"column":8},"end":{"line":258,"column":31}},"151":{"start":{"line":259,"column":8},"end":{"line":260,"column":84}},"152":{"start":{"line":261,"column":8},"end":{"line":261,"column":48}},"153":{"start":{"line":264,"column":8},"end":{"line":264,"column":25},"skip":true},"154":{"start":{"line":265,"column":8},"end":{"line":265,"column":68},"skip":true},"155":{"start":{"line":268,"column":6},"end":{"line":268,"column":23}},"156":{"start":{"line":269,"column":6},"end":{"line":270,"column":70}},"157":{"start":{"line":271,"column":6},"end":{"line":271,"column":27}},"158":{"start":{"line":274,"column":2},"end":{"line":278,"column":3}},"159":{"start":{"line":276,"column":4},"end":{"line":276,"column":31}},"160":{"start":{"line":277,"column":4},"end":{"line":277,"column":59}},"161":{"start":{"line":279,"column":2},"end":{"line":289,"column":3}},"162":{"start":{"line":280,"column":4},"end":{"line":288,"column":7}},"163":{"start":{"line":281,"column":6},"end":{"line":281,"column":16}},"164":{"start":{"line":282,"column":6},"end":{"line":287,"column":29}},"165":{"start":{"line":284,"column":8},"end":{"line":284,"column":12}},"166":{"start":{"line":286,"column":8},"end":{"line":286,"column":19}},"167":{"start":{"line":290,"column":2},"end":{"line":290,"column":18}},"168":{"start":{"line":292,"column":2},"end":{"line":292,"column":19}},"169":{"start":{"line":294,"column":2},"end":{"line":308,"column":5}},"170":{"start":{"line":297,"column":4},"end":{"line":300,"column":5}},"171":{"start":{"line":299,"column":6},"end":{"line":299,"column":20}},"172":{"start":{"line":302,"column":4},"end":{"line":307,"column":7}},"173":{"start":{"line":306,"column":6},"end":{"line":306,"column":21}}},"branchMap":{"1":{"line":56,"type":"if","locations":[{"start":{"line":56,"column":2},"end":{"line":56,"column":2}},{"start":{"line":56,"column":2},"end":{"line":56,"column":2}}]},"2":{"line":102,"type":"if","locations":[{"start":{"line":102,"column":6},"end":{"line":102,"column":6}},{"start":{"line":102,"column":6},"end":{"line":102,"column":6}}]},"3":{"line":131,"type":"binary-expr","locations":[{"start":{"line":131,"column":4},"end":{"line":131,"column":47}},{"start":{"line":132,"column":4},"end":{"line":132,"column":48}},{"start":{"line":133,"column":4},"end":{"line":133,"column":46}},{"start":{"line":134,"column":4},"end":{"line":134,"column":47}}]},"4":{"line":145,"type":"if","locations":[{"start":{"line":145,"column":6},"end":{"line":145,"column":6}},{"start":{"line":145,"column":6},"end":{"line":145,"column":6}}]},"5":{"line":201,"type":"if","locations":[{"start":{"line":201,"column":6},"end":{"line":201,"column":6}},{"start":{"line":201,"column":6},"end":{"line":201,"column":6}}]},"6":{"line":208,"type":"if","locations":[{"start":{"line":208,"column":8},"end":{"line":208,"column":8}},{"start":{"line":208,"column":8},"end":{"line":208,"column":8}}]},"7":{"line":211,"type":"if","locations":[{"start":{"line":211,"column":10},"end":{"line":211,"column":10}},{"start":{"line":211,"column":10},"end":{"line":211,"column":10}}]},"8":{"line":235,"type":"if","locations":[{"start":{"line":235,"column":12},"end":{"line":235,"column":12}},{"start":{"line":235,"column":12},"end":{"line":235,"column":12}}]},"9":{"line":297,"type":"if","locations":[{"start":{"line":297,"column":4},"end":{"line":297,"column":4}},{"start":{"line":297,"column":4},"end":{"line":297,"column":4}}]}},"code":["//#!/usr/bin/env node","","'use strict';","","var path = require('path');","var semver = require('semver');","var request = require('request');","var Promise = require('bluebird');","var express = require('express');","var level = require('level');","var through = require('through2');","var logger = require('./logger');","var levels = require('./levels');","var crypto = require('crypto');","var mkdirp = require('mkdirp');","var morgan = require('morgan');","var proxy = require('express-http-proxy');","var compression = require('compression');","var favicon = require('serve-favicon');","","var pkg = require('./../package.json');","var findVersion = require('./find-version');","var pouchServerLite = require('./pouchdb-server-lite');","","","module.exports = function (argv) {","  var FAT_REMOTE = argv.r;","  var SKIM_REMOTE = argv.R;","  var port = argv.p;","  var pouchPort = argv.P;","  var localBase = argv.u;","  localBase = localBase.replace(/:5080$/, ':' + port); // port is configurable","  var loglevel  = argv.l;","  var directory = path.resolve(argv.d);","  mkdirp.sync(directory);","  loglevel = levels(loglevel);","  var startingTimeout = 1000;","  logger.silly('\\nWelcome!');","  logger.info('To start using local-npm, just run: ');","  logger.code('\\n  $ npm set registry ' + localBase);","  logger.info('\\nTo switch back, you can run: ');","  logger.code('\\n  $ npm set registry ' + FAT_REMOTE);","  var backoff = 1.1;","  var app = express();","  var PouchDB;","","  PouchDB = pouchServerLite(argv).PouchDB;","","  var skimRemote = new PouchDB(SKIM_REMOTE);","  var skimLocal = new PouchDB('skimdb', {","    auto_compaction: true","  });","  var db = level(path.resolve(directory, 'binarydb'));","","","  if (loglevel > 1) {","    app.use(morgan('dev'));","  }","  app.use(compression());","  app.use(favicon(__dirname + '/favicon.ico'));","","  //","  // rudimentary UI based on npm-browser","  //","  logger.info('\\nA simple npm-like UI is available here: http://127.0.0.1:' + port + '/_browse');","","  app.use('/_browse', express.static(__dirname + '/www'));","  function redirectToSkimdb(req, res) {","    var skimUrl = 'http://localhost:' + pouchPort + '/skimdb';","    var get = request.get(req.originalUrl.replace(/^\\/_skimdb/, skimUrl));","    get.on('error', function (err) {","      logger.warn(\"couldn't proxy to skimdb\");","      logger.warn(err);","    });","    get.pipe(res);","  }","  app.get('/_skimdb', redirectToSkimdb);","  app.get('/_skimdb*', redirectToSkimdb);","","  app.get('/', function (req, res) {","    Promise.all([skimLocal.info(), getCount()]).then(function (resp) {","","      res.json({","        'local-npm': 'welcome',","        version: pkg.version,","        db: resp[0],","        tarballs: resp[1]","      });","    });","  });","","","  //","  // utils","  //","","  function massageMetadata(urlBase, doc) {","    var name = doc.name;","    var versions = Object.keys(doc.versions);","    for (var i = 0, len = versions.length; i < len; i++) {","      var version = versions[i];","      if (!semver.valid(version)) {","        // apparently some npm modules like handlebars","        // have invalid semver ranges, and npm deletes them","        // on-the-fly","        delete doc.versions[version];","      } else {","        var tgz = urlBase + '/' + 'tarballs/' + name + '/' + version + '.tgz';","        doc.versions[version].dist.tarball = tgz;","      }","    }","    return doc;","  }","","  function sendBinary(res, buffer) {","    res.set('content-type', 'application/octet-stream');","    res.set('content-length', buffer.length);","    return res.send(buffer);","  }","","  function cacheResponse(res, etag) {","    // do this to be more like registry.npmjs.com. not sure if it","    // actually has a benefit, though","    res.set('ETag', '\"' + etag + '\"');","    res.set('Cache-Control', 'max-age=300');","  }","","  // TODO: this is an error-prone way to check this. We should probably","  // send an HTTP request to it and check the response to detect local-npm.","  var fatRemoteIsAnotherLocalNpm =","    FAT_REMOTE !== 'https://registry.npmjs.org' &&","    FAT_REMOTE !== 'https://registry.npmjs.org/' &&","    FAT_REMOTE !== 'http://registry.npmjs.org' &&","    FAT_REMOTE !== 'http://registry.npmjs.org/';","","  //","  // actual server logic","  //","  app.get('/:name/:version', function (req, res) {","    skimLocal.get(req.params.name).catch(function () {","      return skimRemote.get(req.params.name);","    }).then(function (doc) {","      var packageMetadata = massageMetadata(localBase, doc);","      var versionMetadata = findVersion(packageMetadata, req.params.version);","      if (versionMetadata) {","        cacheResponse(res, doc._rev);","        res.json(versionMetadata);","      } else {","        res.status(404).json({","          error: 'version not found: ' + req.params.version","        });","      }","    }).catch(function () {","      request.get(FAT_REMOTE + req.url)","          .on('error', function(err) {","            logger.warn('error getting data for package:' + req.params.name + 'version: '+req.params.version + ' with error:'+err);","            res.status(500).json({","              error: 'error getting data for package:' + req.params.name + 'version: '+req.params.version","            });","          })","          .pipe(res);","    });","  });","  app.get('/:name', function (req, res) {","    var name = req.params.name;","    logger.time('1: skimLocal.get(' + name + ')');","    skimLocal.get(name).catch(function () {","      return skimRemote.get(name);","    }).then(function (doc) {","      var modifiedDoc = massageMetadata(localBase, doc);","      logger.timeEnd('1: skimLocal.get(' + name + ')');","      cacheResponse(res, doc._rev);","      res.json(modifiedDoc);","    }).catch(function () {","      request.get(FAT_REMOTE + req.url)","          .on('error', function(err) {","            logger.warn('error getting data for package:' + name + ' error: '+err);","            res.status(500).json({","              error: 'error getting data for package:' + name","            });","          })","          .pipe(res);","    });","  });","  app.get('/tarballs/:name/:version.tgz', function (req, res) {","","    var pkgName = req.params.name;","    var pkgVersion = req.params.version;","    var id = pkgName + '-' + pkgVersion;","","    logger.time('2: skimLocal.get(' + pkgName + ')');","    skimLocal.get(pkgName).catch(function () {","      return skimRemote.get(pkgName);","    }).catch(function () {","      res.status(500).send(\"you are offline and skimdb isn\\'t replicated yet\");","      throw new Error('offline');","    }).then(function (doc) {","      logger.timeEnd('2: skimLocal.get(' + pkgName + ')');","      // if we're daisy-chaining multiple local-npm's together,","      // then the remote tarball URL has to be swapped on-the-fly","      if (fatRemoteIsAnotherLocalNpm) {","        doc = massageMetadata(FAT_REMOTE, doc);","      }","      var dist = doc.versions[pkgVersion].dist;","      logger.time('db.get(' + id + ')');","      db.get(id, {asBuffer: true, valueEncoding: 'binary'}, function (err, buffer) {","        logger.timeEnd('db.get(' + id + ')');","        if (!err) {","          var hash = crypto.createHash('sha1');","          hash.update(buffer);","          if (dist.shasum !== hash.digest('hex')) {","            // happens when we write garbage to disk somehow","            logger.warn('hashes don\\'t match, not returning');","          } else {","            logger.hit(pkgName, pkgVersion);","            return sendBinary(res, buffer);","          }","        }","        logger.miss(pkgName, pkgVersion);","        var buffs = [];","        logger.time('request.get(' + dist.tarball + ')');","        request.get(dist.tarball).on('error', function (err) {","          logger.info(err);","          res.status(500).send('you are offline and this package isn\\'t cached');","        }).pipe(through(function (chunk, _, next) {","          buffs.push(chunk);","          next();","        }, function (next) {","          next();","          var buffer = Buffer.concat(buffs);","          logger.timeEnd('request.get(' + dist.tarball + ')');","          sendBinary(res, buffer);","          db.put(id, buffer, function (err) {","            logger.cached(pkgName, pkgVersion);","            if (err) {","              logger.info(err);","            }","          });","        }));","      });","    }).catch(function (err) {","      logger.info(err);","    });","  });","  app.get('/*', function (req, res) {","    res.redirect(FAT_REMOTE + req.originalUrl);","  });","  app.put('/*', proxy(FAT_REMOTE));","","  var sync;","  function replicateSkim() {","    skimRemote.info().then(function (info) {","      sync = skimLocal.replicate.from(skimRemote, {","        live: true,","        batch_size: 200,","        retry: true","      }).on('change', function (change) {","        startingTimeout = 1000;","        var percent = Math.min(100,","          (Math.floor(change.last_seq / info.update_seq * 10000) / 100).toFixed(2));","        logger.status(change.last_seq, percent);","      }).on('error', /* istanbul ignore next */ function (err) {","        // shouldn't happen","        logger.warn(err);","        logger.warn('Error during replication with ' + SKIM_REMOTE);","      });","    }).catch(function (err) {","      logger.warn(err);","      logger.warn('Error fetching info() from ' + SKIM_REMOTE +","        ', retrying after ' + Math.round(startingTimeout) + ' ms...');","      restartReplication();","    });","  }","  function restartReplication() {","
[...]
":"if","locations":[{"start":{"line":18,"column":2},"end":{"line":18,"column":2},"skip":true},{"start":{"line":18,"column":2},"end":{"line":18,"column":2}}]},"3":{"line":27,"type":"if","locations":[{"start":{"line":27,"column":2},"end":{"line":27,"column":2}},{"start":{"line":27,"column":2},"end":{"line":27,"column":2}}]},"4":{"line":33,"type":"if","locations":[{"start":{"line":33,"column":2},"end":{"line":33,"column":2}},{"start":{"line":33,"column":2},"end":{"line":33,"column":2}}]},"5":{"line":39,"type":"if","locations":[{"start":{"line":39,"column":2},"end":{"line":39,"column":2}},{"start":{"line":39,"column":2},"end":{"line":39,"column":2}}]},"6":{"line":45,"type":"if","locations":[{"start":{"line":45,"column":2},"end":{"line":45,"column":2}},{"start":{"line":45,"column":2},"end":{"line":45,"column":2}}]},"7":{"line":51,"type":"if","locations":[{"start":{"line":51,"column":2},"end":{"line":51,"column":2}},{"start":{"line":51,"column":2},"end":{"line":51,"column":2}}]},"8":{"line":61,"type":"if","locations":[{"start":{"line":61,"column":2},"end":{"line":61,"column":2}},{"start":{"line":61,"column":2},"end":{"line":61,"column":2}}]},"9":{"line":68,"type":"if","locations":[{"start":{"line":68,"column":2},"end":{"line":68,"column":2}},{"start":{"line":68,"column":2},"end":{"line":68,"column":2}}]},"10":{"line":74,"type":"if","locations":[{"start":{"line":74,"column":2},"end":{"line":74,"column":2}},{"start":{"line":74,"column":2},"end":{"line":74,"column":2}}]},"11":{"line":80,"type":"if","locations":[{"start":{"line":80,"column":2},"end":{"line":80,"column":2}},{"start":{"line":80,"column":2},"end":{"line":80,"column":2}}]},"12":{"line":87,"type":"if","locations":[{"start":{"line":87,"column":2},"end":{"line":87,"column":2}},{"start":{"line":87,"column":2},"end":{"line":87,"column":2}}]}},"code":["'use strict';","","require('colors');","var argv = require('yargs').argv;","var level  = require('./levels')(argv.l);","","function log(msg) {","  console.log(msg);","}","","function wrap(thing) {","  // this is just to be safe","  /* istanbul ignore if */","  if (typeof thing === 'undefined') {","    return 'undefined';","  }","  /* istanbul ignore if */","  if (typeof thing.toString !== 'function') {","    return String.prototype.toString.call(thing);","  }","","  return thing.toString();","}","","exports.time = function (msg) {","  msg = wrap(msg);","  if (level > 2) {","    console.time(msg);","  }","};","exports.timeEnd = function (msg) {","  msg = wrap(msg);","  if (level > 2) {","    console.timeEnd(msg);","  }","};","exports.info = function (msg) {","  msg = wrap(msg);","  if (level > 1) {","    log(msg.cyan);","  }","};","exports.code = function (msg) {","  msg = wrap(msg);","  if (level > 1) {","    log(msg.white);","  }","};","exports.silly = function (msg) {","  msg = wrap(msg);","  if (level > 1) {","    log(msg.rainbow.bold);","  }","};","/* istanbul ignore next */","exports.error = function (msg) {","  msg = wrap(msg);","  log(msg.red);","};","exports.status = function (seq, percent) {","  if (level > 1) {","    log('Replicating skimdb, last_seq is: '.grey + String(seq).green +","      ' ('.grey + String(percent).green + '%'.green + ')'.grey);","  }","};","","exports.hit = function (pkg, version) {","  if (level > 1) {","    log('found tarball for '.grey + pkg.green + ' at version '.grey +","      version.green);","  }","};","exports.miss = function (pkg, version) {","  if (level > 1) {","    log('not cached '.grey + pkg.green + ' at version '.grey + version.green +","      ', downloading...'.grey);","  }","};","exports.cached = function (pkg, version) {","  if (level > 1) {","    log('downloaded '.grey + pkg.green + ' at version '.grey + version.green +","      ' and saved it locally'.grey);","  }","};","exports.warn = function (msg) {","  msg = wrap(msg);","  if (level > 0) {","    log(msg.yellow); ","  }","};"],"l":{"3":1,"4":1,"5":1,"7":1,"8":0,"11":1,"14":8,"15":1,"18":8,"19":1,"22":8,"25":1,"26":0,"27":0,"28":0,"31":1,"32":0,"33":0,"34":0,"37":1,"38":5,"39":5,"40":0,"43":1,"44":2,"45":2,"46":0,"49":1,"50":1,"51":1,"52":0,"56":1,"57":1,"58":1,"60":1,"61":0,"62":0,"67":1,"68":0,"69":0,"73":1,"74":0,"75":0,"79":1,"80":0,"81":0,"85":1,"86":0,"87":0,"88":0}},"/home/travis/build/npmtest/node-npmtest-local-npm/node_modules/local-npm/lib/levels.js":{"path":"/home/travis/build/npmtest/node-npmtest-local-npm/node_modules/local-npm/lib/levels.js","s":{"1":1,"2":1,"3":3,"4":2,"5":1,"6":0,"7":1,"8":0,"9":1,"10":0},"b":{"1":[2,1],"2":[0,1],"3":[1,1],"4":[0,1],"5":[1,1],"6":[0,1],"7":[1,1,1]},"f":{"1":3},"fnMap":{"1":{"name":"(anonymous_1)","line":8,"loc":{"start":{"line":8,"column":17},"end":{"line":8,"column":34}}}},"statementMap":{"1":{"start":{"line":2,"column":0},"end":{"line":7,"column":2}},"2":{"start":{"line":8,"column":0},"end":{"line":30,"column":2}},"3":{"start":{"line":10,"column":2},"end":{"line":12,"column":3}},"4":{"start":{"line":11,"column":4},"end":{"line":11,"column":25}},"5":{"start":{"line":18,"column":2},"end":{"line":20,"column":3},"skip":true},"6":{"start":{"line":19,"column":4},"end":{"line":19,"column":40},"skip":true},"7":{"start":{"line":22,"column":2},"end":{"line":24,"column":3},"skip":true},"8":{"start":{"line":23,"column":4},"end":{"line":23,"column":13},"skip":true},"9":{"start":{"line":26,"column":2},"end":{"line":29,"column":3},"skip":true},"10":{"start":{"line":28,"column":4},"end":{"line":28,"column":13},"skip":true}},"branchMap":{"1":{"line":10,"type":"if","locations":[{"start":{"line":10,"column":2},"end":{"line":10,"column":2}},{"start":{"line":10,"column":2},"end":{"line":10,"column":2},"skip":true}]},"2":{"line":18,"type":"if","locations":[{"start":{"line":18,"column":2},"end":{"line":18,"column":2},"skip":true},{"start":{"line":18,"column":2},"end":{"line":18,"column":2},"skip":true}]},"3":{"line":18,"type":"binary-expr","locations":[{"start":{"line":18,"column":6},"end":{"line":18,"column":26},"skip":true},{"start":{"line":18,"column":30},"end":{"line":18,"column":60},"skip":true}]},"4":{"line":22,"type":"if","locations":[{"start":{"line":22,"column":2},"end":{"line":22,"column":2},"skip":true},{"start":{"line":22,"column":2},"end":{"line":22,"column":2},"skip":true}]},"5":{"line":22,"type":"binary-expr","locations":[{"start":{"line":22,"column":6},"end":{"line":22,"column":43},"skip":true},{"start":{"line":22,"column":47},"end":{"line":22,"column":78},"skip":true}]},"6":{"line":26,"type":"if","locations":[{"start":{"line":26,"column":2},"end":{"line":26,"column":2},"skip":true},{"start":{"line":26,"column":2},"end":{"line":26,"column":2},"skip":true}]},"7":{"line":26,"type":"binary-expr","locations":[{"start":{"line":26,"column":6},"end":{"line":26,"column":49},"skip":true},{"start":{"line":27,"column":4},"end":{"line":27,"column":42},"skip":true},{"start":{"line":27,"column":46},"end":{"line":27,"column":76},"skip":true}]}},"code":["'use strict';","var levels = {","  error: 0,","  warn: 1,","  info: 2,","  debug: 3","};","module.exports = function (level) {","  /* istanbul ignore else */","  if (typeof levels[level] === 'number') {","    return levels[level];","  }","","  // The following are convenience methods so that you can use the standard","  // NODE_ENV variable and local-npm will react sensibly. The default is \"info\".","","  /* istanbul ignore next */","  if (process.env.NODE_ENV && process.env.NODE_ENV in levels) {","    return levels[process.env.NODE_ENV];","  }","  /* istanbul ignore next */","  if (process.env.NODE_ENV === 'production' || process.env.NODE_ENV === 'prod' ) {","    return 0;","  }","  /* istanbul ignore next */","  if (typeof process.env.NODE_ENV === 'undefined' ||","    process.env.NODE_ENV === 'development' || process.env.NODE_ENV === 'dev') {","    return 2;","  }","};"],"l":{"2":1,"8":1,"10":3,"11":2,"18":1,"19":1,"22":1,"23":1,"26":1,"28":1}},"/home/travis/build/npmtest/node-npmtest-local-npm/node_modules/local-npm/lib/find-version.js":{"path":"/home/travis/build/npmtest/node-npmtest-local-npm/node_modules/local-npm/lib/find-version.js","s":{"1":1,"2":1,"3":0,"4":0,"5":0,"6":0,"7":0,"8":0,"9":0,"10":0,"11":0,"12":0,"13":0},"b":{"1":[0,0],"2":[0,0],"3":[0,0],"4":[0,0],"5":[0,0]},"f":{"1":0,"2":0,"3":0,"4":0,"5":0},"fnMap":{"1":{"name":"findVersion","line":8,"loc":{"start":{"line":8,"column":17},"end":{"line":8,"column":53}}},"2":{"name":"(anonymous_2)","line":10,"loc":{"start":{"line":10,"column":58},"end":{"line":10,"column":82}}},"3":{"name":"(anonymous_3)","line":12,"loc":{"start":{"line":12,"column":12},"end":{"line":12,"column":28}}},"4":{"name":"(anonymous_4)","line":20,"loc":{"start":{"line":20,"column":51},"end":{"line":20,"column":75}}},"5":{"name":"(anonymous_5)","line":22,"loc":{"start":{"line":22,"column":10},"end":{"line":22,"column":26}}}},"statementMap":{"1":{"start":{"line":3,"column":0},"end":{"line":3,"column":31}},"2":{"start":{"line":8,"column":0},"end":{"line":26,"column":2}},"3":{"start":{"line":9,"column":2},"end":{"line":16,"column":3}},"4":{"start":{"line":10,"column":4},"end":{"line":14,"column":10}},"5":{"start":{"line":11,"column":6},"end":{"line":11,"column":40}},"6":{"start":{"line":13,"column":6},"end":{"line":13,"column":38}},"7":{"start":{"line":15,"column":4},"end":{"line":15,"column":40}},"8":{"start":{"line":17,"column":2},"end":{"line":19,"column":3}},"9":{"start":{"line":18,"column":4},"end":{"line":18,"column":34}},"10":{"start":{"line":20,"column":2},"end":{"line":24,"column":5}},"11":{"start":{"line":21,"column":4},"end":{"line":21,"column":81}},"12":{"start":{"line":23,"column":4},"end":{"line":23,"column":36}},"13":{"start":{"line":25,"column":2},"end":{"line":25,"column":36}}},"branchMap":{"1":{"line":9,"type":"if","locations":[{"start":{"line":9,"column":2},"end":{"line":9,"column":2}},{"start":{"line":9,"column":2},"end":{"line":9,"column":2}}]},"2":{"line":13,"type":"cond-expr","locations":[{"start":{"line":13,"column":31},"end":{"line":13,"column":33}},{"start":{"line":13,"column":36},"end":{"line":13,"column":37}}]},"3":{"line":17,"type":"if","locations":[{"start":{"line":17,"column":2},"end":{"line":17,"column":2}},{"start":{"line":17,"column":2},"end":{"line":17,"column":2}}]},"4":{"line":21,"type":"binary-expr","locations":[{"start":{"line":21,"column":11},"end":{"line":21,"column":37}},{"start":{"line":21,"column":41},"end":{"line":21,"column":80}}]},"5":{"line":23,"type":"cond-expr","locations":[{"start":{"line":23,"column":29},"end":{"line":23,"column":31}},{"start":{"line":23,"column":34},"end":{"line":23,"column":35}}]}},"code":["'use strict';","","var semver = require('semver');","","// find the first version in the package metadata that satisfies","// the query version. e.g. if the latest is 1.2.3, then \"1\", \"1.2\", and \"1.2.3\"","// should all work","module.exports = function findVersion(meta, version) {","  if (version === 'latest') {","    var latestVersion = Object.keys(meta.versions).filter(function (otherVersion) {","      return semver.valid(otherVersion);","    }).sort(function (a, b) {","      return semver.gt(a, b) ? -1 : 1;","    })[0];","    return meta.versions[latestVersion];","  }","  if (meta.versions[version]) {","    return meta.versions[version];","  }","  var versions = Object.keys(meta.versions).filter(function (otherVersion) {","    return semver.valid(otherVersion) && semver.satisfies(otherVersion, version);","  }).sort(function (a, b) {","    return semver.gt(a, b) ? -1 : 1;","  });","  return meta.versions[versions[0]];","};",""],"l":{"3":1,"8":1,"9":0,"10":0,"11":0,"13":0,"15":0,"17":0,"18":0,"20":0,"21":0,"23":0,"25":0}},"/home/travis/build/npmtest/node-npmtest-local-npm/node_modules/local-npm/lib/pouchdb-server-lite.js":{"path":"/home/travis/build/npmtest/node-npmtest-local-npm/node_modules/local-npm/lib/pouchdb-server-lite.js","s":{"1":1,"2":1,"3":1,"4":1,"5":1,"6":1,"7":1,"8":1,"9":1,"10":1,"11":1,"12":1,"13":1,"14":1,"15":1,"16":1,"17":1,"18":1,"19":1,"20":1,"21":1,"22":1,"23":1,"24":1,"25":1,"26":1,"27":1,"28":1,"29":1,"30":1,"31":1,"32":0,"33":0,"34":0,"35":0,"36":0,"37":1},"b":{"1":[1,0],"2":[0,0]},"f":{"1":1,"2":1,"3":0},"fnMap":{"1":{"name":"(anonymous_1)","line":18,"loc":{"start":{"line":18,"column":17},"end":{"line":18,"column":33}}},"2":{"name":"(anonymous_2)","line":46,"loc":{"start":{"line":46,"column":19},"end":{"line":46,"column":31}}},"3":{"name":"(anonymous_3)","line":49,"loc":{"start":{"line":49,"column":44},"end":{"line":49,"column":57}},"skip":true}},"statementMap":{"1":{"start":{"line":5,"column":0},"end":{"line":5,"column":33}},"2":{"start":{"line":6,"column":0},"end":{"line":6,"column":32}},"3":{"start":{"line":7,"column":0},"end":{"line":7,"column":39}},"4":{"start":{"line":8,"column":0},"end":{"line":8,"column":33}},"5":{"start":{"line":9,"column":0},"end":{"line":9,"column":27}},"6":{"start":{"line":10,"column":0},"end":{"line":10,"column":23}},"7":{"start":{"line":11,"column":0},"end":{"line":11,"column":41}},"8":{"start":{"line":12,"column":0},"end":{"line":12,"column":31}},"9":{"start":{"line":13,"column":0},"end":{"line":13,"column":48}},"10":{"start":{"line":14,"column":0},"end":{"line":14,"column":33}},"11":{"start":{"line":16,"column":0},"end":{"line":16,"column":33}},"12":{"start":{"line":18,"column":0},"end":{"line":64,"column":2}},"13":{"start":{"line":19,"column":2},"end":{"line":19,"column":23}},"14":{"start":{"line":20,"column":2},"end":{"line":20,"column":40}},"15":{"start":{"line":21,"column":2},"end":{"line":21,"column":33}},"16":{"start":{"line":22,"column":2},"end":{"line":22,"column":26}},"17":{"start":{"line":24,"column":2},"end":{"line":24,"column":47}},"18":{"start":{"line":25,"column":2},"end":{"line":25,"column":25}},"19":{"start":{"line":27,"column":2},"end":{"line":29,"column":3}},"20":{"start":{"line":28,"column":4},"end":{"line":28,"column":27}},"21":{"start":{"line":30,"column":2},"end":{"line":34,"column":6}},"22":{"start":{"line":37,"column":2},"end":{"line":37,"column":66}},"23":{"start":{"line":38,"column":2},"end":{"line":38,"column":58}},"24":{"start":{"line":39,"column":2},"end":{"line":39,"column":51}},"25":{"start":{"line":41,"column":2},"end":{"line":41,"column":80}},"26":{"start":{"line":42,"column":2},"end":{"line":42,"column":62}},"27":{"start":{"line":43,"column":2},"end":{"line":43,"column":39}},"28":{"start":{"line":44,"column":2},"end":{"line":44,"column":22}},"29":{"start":{"line":46,"column":2},"end":{"line":58,"column":5}},"30":{"start":{"line":47,"column":4},"end":{"line":47,"column":68}},"31":{"start":{"line":48,"column":4},"end":{"line":48,"column":90}},"32":{"start":{"line":50,"column":4},"end":{"line":57,"column":5},"skip":true},"33":{"start":{"line":51,"column":6},"end":{"line":51,"column":68},"skip":true},"34":{"start":{"line":52,"column":6},"end":{"line":53,"column":37},"skip":true},"35":{"start":{"line":55,"column":6},"end":{"line":55,"column":43},"skip":true},"36":{"start":{"line":56,"column":6},"end":{"line":56,"column":28},"skip":true},"37":{"start":{"line":60,"column":2},"end":{"line":63,"column":4}}},"branchMap":{"1":{"line":27,"type":"if","locations":[{"start":{"line":27,"column":2},"end":{"line":27,"column":2}},{"start":{"line":27,"column":2},"end":{"line":27,"column":2}}]},"2":{"line":50,"type":"if","locations":[{"start":{"line":50,"column":4},"end":{"line":50,"column":4},"skip":true},{"start":{"line":50,"column":4},"end":{"line":50,"column":4},"skip":true}]}},"code":["//#!/usr/bin/env node","","'use strict';","","var express = require('express');","var corser  = require('corser');","var favicon = require('serve-favicon');","var logger = require('./logger');","var path = require('path');","var fs = require('fs');","var compression = require('compression');","var morgan = require('morgan');","var expressPouchDB = require('express-pouchdb');","var PouchDB = require('pouchdb');","","var levels = require('./levels');","","module.exports = function (argv) {","  var port    = argv.P;","  var directory  = path.resolve(argv.d);","  var loglevel  = levels(argv.l);","  var app     = express();","","  app.use(favicon(__dirname + '/favicon.ico'));","  app.use(compression());","","  if (loglevel > 1) {","    app.use(morgan('dev'));","  }","  app.use(corser.create({","    methods: ['GET', 'HEAD', 'POST', 'PUT', 'DELETE'],","    supportsCredentials: true,","    requestHeaders: corser.simpleRequestHeaders.concat([\"Authorization\", \"Origin\", \"Referer\"])","  }));","","  // set up express-pouchdb with the prefix (directory)","  var ScopedPouchDB = PouchDB.defaults({prefix: directory + '/'});","  var configFile = path.resolve(directory, 'config.json');","  var logFile = path.resolve(directory, 'log.txt');","  // hacky, but there doesn't seem to be any other way to prefix the log file","  fs.writeFileSync(configFile, JSON.stringify({log: {file: logFile}}), 'utf-8');","  var pouchDBApp = expressPouchDB({ configPath: configFile });","  pouchDBApp.setPouchDB(ScopedPouchDB);","  app.use(pouchDBApp);","","  app.listen(port, function () {","    logger.info('\\nPouchDB Server listening on port ' + port + '.');","    logger.info('Navigate to http://localhost:' + port + '/_utils for the Fauxton UI.\\n');","  }).on('error', /* istanbul ignore next */ function (e) {","    if (e.code === 'EADDRINUSE') {","      logger.error('\\nError: Port ' + port + ' is already in use.');","      logger.error('Try another one, e.g. pouchdb-server -p ' +","        (parseInt(port) + 1) + '\\n');","    } else {","      logger.error('Uncaught error: ' + e);","      logger.error(e.stack);","    }","  });","","  return {","    app: app,","    PouchDB: ScopedPouchDB","  };","};",""],"l":{"5":1,"6":1,"7":1,"8":1,"9":1,"10":1,"11":1,"12":1,"13":1,"14":1,"16":1,"18":1,"19":1,"20":1,"21":1,"22":1,"24":1,"25":1,"27":1,"28":1,"30":1,"37":1,"38":1,"39":1,"41":1,"42":1,"43":1,"44":1,"46":1,"47":1,"48":1,"50":1,"51":1,"52":1,"55":1,"56":1,"60":1}},"/home/travis/build/npmtest/node-npmtest-local-npm/node_modules/local-npm/lib/bin.js":{"path":"/home/travis/build/npmtest/node-npmtest-local-npm/node_modules/local-npm/lib/bin.js","s":{"1":1,"2":1,"3":1,"4":0,"5":0,"6":1},"b":{"1":[0,1]},"f":{},"fnMap":{},"statementMap":{"1":{"start":{"line":4,"column":0},"end":{"line":32,"column":47}},"2":{"start":{"line":34,"column":0},"end":{"line":34,"column":22}},"3":{"start":{"line":36,"column":0},"end":{"line":39,"column":1}},"4":{"start":{"line":37,"column":2},"end":{"line":37,"column":19}},"5":{"start":{"line":38,"column":2},"end":{"line":38,"column":18}},"6":{"start":{"line":42,"column":0},"end":{"line":42,"column":25}}},"branchMap":{"1":{"line":36,"type":"if","locations":[{"start":{"line":36,"column":0},"end":{"line":36,"column":0}},{"start":{"line":36,"column":0},"end":{"line":36,"column":0}}]}},"code":["//#!/usr/bin/env node","","'use strict';","var yargs = require('yargs')","   .boolean('h')","  .alias('h', 'help')","  .describe('h', 'this help message')","  .default('p', 5080)","  .alias('p', 'port')","  .describe('p', 'port')","  .default('P', 16984)","  .alias('P', 'pouch-port')","  .describe('P', 'pouchdb-server port')","  .alias('l', 'log')","  .describe('l', 'error|warn|info|debug')","  .default('l', 'info')","  .default('r', 'https://registry.npmjs.org')","  .alias('r', 'remote')","  .describe('r', 'remote fullfatdb')","  .default('R', 'https://skimdb.npmjs.com/registry')","  .alias('R', 'remote-skim')","  .describe('R', 'remote skimdb')","  .default('u', 'http://127.0.0.1:5080')","  .alias('u', 'url-base')","  .describe('u', 'base url it will be hosted on')","  .default('d', './')","  .alias('d', 'directory')","  .describe('directory', 'directory to store data')","  .version(require('./../package.json').version, 'v')","  .alias('v', 'version')","  .example('$0 -u http://foo.com -p 3000',","    'run on port 3000 and visable at foo.com');","","var argv = yargs.argv;","","if (argv.h) {","  yargs.showHelp();","  process.exit(0);","}","","","require('./index')(argv);",""],"l":{"4":1,"34":1,"36":1,"37":0,"38":0,"42":1}}}